{"/Users/tylerhenry/Documents/GitHub/jogger/coverage-venn/src/analyzers/browserstack.ts":{"path":"/Users/tylerhenry/Documents/GitHub/jogger/coverage-venn/src/analyzers/browserstack.ts","statementMap":{"0":{"start":{"line":14,"column":4},"end":{"line":14,"column":14}},"1":{"start":{"line":12,"column":0},"end":{"line":12,"column":13}}},"fnMap":{"0":{"name":"(anonymous_0)","decl":{"start":{"line":13,"column":2},"end":{"line":13,"column":7}},"loc":{"start":{"line":13,"column":36},"end":{"line":15,"column":3}}}},"branchMap":{},"s":{"0":0,"1":0},"f":{"0":0},"b":{}},"/Users/tylerhenry/Documents/GitHub/jogger/coverage-venn/src/analyzers/cucumber.ts":{"path":"/Users/tylerhenry/Documents/GitHub/jogger/coverage-venn/src/analyzers/cucumber.ts","statementMap":{"0":{"start":{"line":16,"column":4},"end":{"line":16,"column":14}},"1":{"start":{"line":14,"column":0},"end":{"line":14,"column":13}}},"fnMap":{"0":{"name":"(anonymous_0)","decl":{"start":{"line":15,"column":2},"end":{"line":15,"column":7}},"loc":{"start":{"line":15,"column":43},"end":{"line":17,"column":3}}}},"branchMap":{},"s":{"0":0,"1":0},"f":{"0":0},"b":{}},"/Users/tylerhenry/Documents/GitHub/jogger/coverage-venn/src/analyzers/istanbul.ts":{"path":"/Users/tylerhenry/Documents/GitHub/jogger/coverage-venn/src/analyzers/istanbul.ts","statementMap":{"0":{"start":{"line":19,"column":12},"end":{"line":19,"column":42}},"1":{"start":{"line":20,"column":12},"end":{"line":20,"column":40}},"2":{"start":{"line":24,"column":4},"end":{"line":27,"column":null}},"3":{"start":{"line":25,"column":6},"end":{"line":25,"column":75}},"4":{"start":{"line":26,"column":6},"end":{"line":26,"column":16}},"5":{"start":{"line":29,"column":40},"end":{"line":29,"column":42}},"6":{"start":{"line":31,"column":4},"end":{"line":57,"column":null}},"7":{"start":{"line":33,"column":6},"end":{"line":35,"column":null}},"8":{"start":{"line":33,"column":47},"end":{"line":33,"column":69}},"9":{"start":{"line":34,"column":8},"end":{"line":34,"column":17}},"10":{"start":{"line":38,"column":6},"end":{"line":41,"column":null}},"11":{"start":{"line":39,"column":50},"end":{"line":39,"column":72}},"12":{"start":{"line":40,"column":8},"end":{"line":40,"column":17}},"13":{"start":{"line":43,"column":23},"end":{"line":43,"column":60}},"14":{"start":{"line":44,"column":22},"end":{"line":44,"column":42}},"15":{"start":{"line":47,"column":30},"end":{"line":47,"column":68}},"16":{"start":{"line":49,"column":6},"end":{"line":56,"column":9}},"17":{"start":{"line":60,"column":4},"end":{"line":60,"column":63}},"18":{"start":{"line":60,"column":33},"end":{"line":60,"column":61}},"19":{"start":{"line":65,"column":20},"end":{"line":70,"column":6}},"20":{"start":{"line":72,"column":25},"end":{"line":72,"column":74}},"21":{"start":{"line":72,"column":45},"end":{"line":72,"column":73}},"22":{"start":{"line":73,"column":4},"end":{"line":73,"column":44}},"23":{"start":{"line":73,"column":35},"end":{"line":73,"column":44}},"24":{"start":{"line":75,"column":16},"end":{"line":75,"column":63}},"25":{"start":{"line":75,"column":50},"end":{"line":75,"column":59}},"26":{"start":{"line":76,"column":4},"end":{"line":76,"column":37}},"27":{"start":{"line":81,"column":4},"end":{"line":81,"column":40}},"28":{"start":{"line":17,"column":0},"end":{"line":17,"column":13}}},"fnMap":{"0":{"name":"(anonymous_0)","decl":{"start":{"line":18,"column":2},"end":{"line":18,"column":null}},"loc":{"start":{"line":20,"column":91},"end":{"line":21,"column":6}}},"1":{"name":"(anonymous_1)","decl":{"start":{"line":23,"column":2},"end":{"line":23,"column":7}},"loc":{"start":{"line":23,"column":40},"end":{"line":61,"column":3}}},"2":{"name":"(anonymous_2)","decl":{"start":{"line":33,"column":36},"end":{"line":33,"column":43}},"loc":{"start":{"line":33,"column":47},"end":{"line":33,"column":69}}},"3":{"name":"(anonymous_3)","decl":{"start":{"line":39,"column":39},"end":{"line":39,"column":46}},"loc":{"start":{"line":39,"column":50},"end":{"line":39,"column":72}}},"4":{"name":"(anonymous_4)","decl":{"start":{"line":60,"column":23},"end":{"line":60,"column":24}},"loc":{"start":{"line":60,"column":33},"end":{"line":60,"column":61}}},"5":{"name":"(anonymous_5)","decl":{"start":{"line":64,"column":10},"end":{"line":64,"column":34}},"loc":{"start":{"line":64,"column":59},"end":{"line":77,"column":3}}},"6":{"name":"(anonymous_6)","decl":{"start":{"line":72,"column":40},"end":{"line":72,"column":41}},"loc":{"start":{"line":72,"column":45},"end":{"line":72,"column":73}}},"7":{"name":"(anonymous_7)","decl":{"start":{"line":75,"column":36},"end":{"line":75,"column":37}},"loc":{"start":{"line":75,"column":50},"end":{"line":75,"column":59}}},"8":{"name":"(anonymous_8)","decl":{"start":{"line":80,"column":10},"end":{"line":80,"column":23}},"loc":{"start":{"line":80,"column":40},"end":{"line":82,"column":3}}}},"branchMap":{"0":{"loc":{"start":{"line":19,"column":12},"end":{"line":19,"column":89}},"type":"default-arg","locations":[{"start":{"line":19,"column":42},"end":{"line":19,"column":89}}]},"1":{"loc":{"start":{"line":20,"column":12},"end":{"line":20,"column":91}},"type":"default-arg","locations":[{"start":{"line":20,"column":40},"end":{"line":20,"column":91}}]},"2":{"loc":{"start":{"line":24,"column":4},"end":{"line":27,"column":null}},"type":"if","locations":[{"start":{"line":24,"column":4},"end":{"line":27,"column":null}}]},"3":{"loc":{"start":{"line":33,"column":6},"end":{"line":35,"column":null}},"type":"if","locations":[{"start":{"line":33,"column":6},"end":{"line":35,"column":null}}]},"4":{"loc":{"start":{"line":38,"column":6},"end":{"line":41,"column":null}},"type":"if","locations":[{"start":{"line":38,"column":6},"end":{"line":41,"column":null}}]},"5":{"loc":{"start":{"line":38,"column":10},"end":{"line":39,"column":73}},"type":"binary-expr","locations":[{"start":{"line":38,"column":10},"end":{"line":38,"column":43}},{"start":{"line":39,"column":10},"end":{"line":39,"column":73}}]},"6":{"loc":{"start":{"line":72,"column":45},"end":{"line":72,"column":73}},"type":"binary-expr","locations":[{"start":{"line":72,"column":45},"end":{"line":72,"column":54}},{"start":{"line":72,"column":58},"end":{"line":72,"column":73}}]},"7":{"loc":{"start":{"line":73,"column":4},"end":{"line":73,"column":44}},"type":"if","locations":[{"start":{"line":73,"column":4},"end":{"line":73,"column":44}}]}},"s":{"0":0,"1":0,"2":0,"3":0,"4":0,"5":0,"6":0,"7":0,"8":0,"9":0,"10":0,"11":0,"12":0,"13":0,"14":0,"15":0,"16":0,"17":0,"18":0,"19":0,"20":0,"21":0,"22":0,"23":0,"24":0,"25":0,"26":0,"27":0,"28":0},"f":{"0":0,"1":0,"2":0,"3":0,"4":0,"5":0,"6":0,"7":0,"8":0},"b":{"0":[0],"1":[0],"2":[0],"3":[0],"4":[0],"5":[0,0],"6":[0,0],"7":[0]}},"/Users/tylerhenry/Documents/GitHub/jogger/coverage-venn/src/analyzers/runtime.ts":{"path":"/Users/tylerhenry/Documents/GitHub/jogger/coverage-venn/src/analyzers/runtime.ts","statementMap":{"0":{"start":{"line":19,"column":4},"end":{"line":19,"column":14}},"1":{"start":{"line":17,"column":0},"end":{"line":17,"column":13}}},"fnMap":{"0":{"name":"(anonymous_0)","decl":{"start":{"line":18,"column":2},"end":{"line":18,"column":7}},"loc":{"start":{"line":18,"column":37},"end":{"line":20,"column":3}}}},"branchMap":{},"s":{"0":0,"1":0},"f":{"0":0},"b":{}},"/Users/tylerhenry/Documents/GitHub/jogger/coverage-venn/src/instrumentation/trackers/LogTracker.ts":{"path":"/Users/tylerhenry/Documents/GitHub/jogger/coverage-venn/src/instrumentation/trackers/LogTracker.ts","statementMap":{"0":{"start":{"line":11,"column":4},"end":{"line":15,"column":7}},"1":{"start":{"line":19,"column":4},"end":{"line":19,"column":49}},"2":{"start":{"line":7,"column":0},"end":{"line":7,"column":13}},"3":{"start":{"line":8,"column":17},"end":{"line":8,"column":43}}},"fnMap":{"0":{"name":"(anonymous_0)","decl":{"start":{"line":10,"column":2},"end":{"line":10,"column":8}},"loc":{"start":{"line":10,"column":34},"end":{"line":16,"column":3}}},"1":{"name":"(anonymous_1)","decl":{"start":{"line":18,"column":10},"end":{"line":18,"column":16}},"loc":{"start":{"line":18,"column":34},"end":{"line":20,"column":3}}}},"branchMap":{"0":{"loc":{"start":{"line":19,"column":11},"end":{"line":19,"column":48}},"type":"binary-expr","locations":[{"start":{"line":19,"column":11},"end":{"line":19,"column":35}},{"start":{"line":19,"column":39},"end":{"line":19,"column":48}}]}},"s":{"0":0,"1":0,"2":0,"3":0},"f":{"0":0,"1":0},"b":{"0":[0,0]}},"/Users/tylerhenry/Documents/GitHub/jogger/coverage-venn/src/managers/BrowserStackManager.ts":{"path":"/Users/tylerhenry/Documents/GitHub/jogger/coverage-venn/src/managers/BrowserStackManager.ts","statementMap":{"0":{"start":{"line":1,"column":0},"end":{"line":1,"column":90}},"1":{"start":{"line":2,"column":0},"end":{"line":2,"column":70}},"2":{"start":{"line":11,"column":4},"end":{"line":17,"column":16}},"3":{"start":{"line":19,"column":4},"end":{"line":19,"column":60}},"4":{"start":{"line":24,"column":4},"end":{"line":27,"column":null}},"5":{"start":{"line":25,"column":6},"end":{"line":25,"column":70}},"6":{"start":{"line":26,"column":6},"end":{"line":26,"column":13}},"7":{"start":{"line":29,"column":4},"end":{"line":64,"column":null}},"8":{"start":{"line":30,"column":23},"end":{"line":30,"column":55}},"9":{"start":{"line":31,"column":6},"end":{"line":31,"column":48}},"10":{"start":{"line":33,"column":6},"end":{"line":60,"column":null}},"11":{"start":{"line":34,"column":34},"end":{"line":35,"column":null}},"12":{"start":{"line":35,"column":10},"end":{"line":35,"column":59}},"13":{"start":{"line":35,"column":32},"end":{"line":35,"column":58}},"14":{"start":{"line":38,"column":8},"end":{"line":40,"column":10}},"15":{"start":{"line":39,"column":40},"end":{"line":39,"column":49}},"16":{"start":{"line":42,"column":8},"end":{"line":59,"column":11}},"17":{"start":{"line":44,"column":52},"end":{"line":44,"column":61}},"18":{"start":{"line":45,"column":50},"end":{"line":45,"column":59}},"19":{"start":{"line":53,"column":65},"end":{"line":56,"column":14}},"20":{"start":{"line":62,"column":6},"end":{"line":62,"column":62}},"21":{"start":{"line":68,"column":4},"end":{"line":71,"column":null}},"22":{"start":{"line":69,"column":6},"end":{"line":69,"column":81}},"23":{"start":{"line":70,"column":6},"end":{"line":70,"column":13}},"24":{"start":{"line":73,"column":4},"end":{"line":83,"column":null}},"25":{"start":{"line":74,"column":6},"end":{"line":79,"column":9}},"26":{"start":{"line":81,"column":6},"end":{"line":81,"column":67}},"27":{"start":{"line":5,"column":0},"end":{"line":5,"column":13}}},"fnMap":{"0":{"name":"(anonymous_0)","decl":{"start":{"line":9,"column":2},"end":{"line":9,"column":14}},"loc":{"start":{"line":9,"column":66},"end":{"line":20,"column":3}}},"1":{"name":"(anonymous_1)","decl":{"start":{"line":22,"column":2},"end":{"line":22,"column":7}},"loc":{"start":{"line":22,"column":53},"end":{"line":65,"column":3}}},"2":{"name":"(anonymous_2)","decl":{"start":{"line":34,"column":50},"end":{"line":34,"column":54}},"loc":{"start":{"line":35,"column":10},"end":{"line":35,"column":59}}},"3":{"name":"(anonymous_3)","decl":{"start":{"line":35,"column":25},"end":{"line":35,"column":28}},"loc":{"start":{"line":35,"column":32},"end":{"line":35,"column":58}}},"4":{"name":"(anonymous_4)","decl":{"start":{"line":39,"column":32},"end":{"line":39,"column":36}},"loc":{"start":{"line":39,"column":40},"end":{"line":39,"column":49}}},"5":{"name":"(anonymous_5)","decl":{"start":{"line":44,"column":44},"end":{"line":44,"column":48}},"loc":{"start":{"line":44,"column":52},"end":{"line":44,"column":61}}},"6":{"name":"(anonymous_6)","decl":{"start":{"line":45,"column":42},"end":{"line":45,"column":46}},"loc":{"start":{"line":45,"column":50},"end":{"line":45,"column":59}}},"7":{"name":"(anonymous_7)","decl":{"start":{"line":53,"column":49},"end":{"line":53,"column":50}},"loc":{"start":{"line":53,"column":65},"end":{"line":56,"column":14}}},"8":{"name":"(anonymous_8)","decl":{"start":{"line":67,"column":2},"end":{"line":67,"column":7}},"loc":{"start":{"line":67,"column":76},"end":{"line":84,"column":3}}}},"branchMap":{"0":{"loc":{"start":{"line":11,"column":19},"end":{"line":17,"column":15}},"type":"cond-expr","locations":[{"start":{"line":12,"column":6},"end":{"line":17,"column":8}},{"start":{"line":17,"column":11},"end":{"line":17,"column":15}}]},"1":{"loc":{"start":{"line":11,"column":19},"end":{"line":11,"column":72}},"type":"binary-expr","locations":[{"start":{"line":11,"column":19},"end":{"line":11,"column":33}},{"start":{"line":11,"column":37},"end":{"line":11,"column":52}},{"start":{"line":11,"column":56},"end":{"line":11,"column":72}}]},"2":{"loc":{"start":{"line":16,"column":21},"end":{"line":16,"column":60}},"type":"binary-expr","locations":[{"start":{"line":16,"column":21},"end":{"line":16,"column":39}},{"start":{"line":16,"column":43},"end":{"line":16,"column":60}}]},"3":{"loc":{"start":{"line":24,"column":4},"end":{"line":27,"column":null}},"type":"if","locations":[{"start":{"line":24,"column":4},"end":{"line":27,"column":null}}]},"4":{"loc":{"start":{"line":50,"column":21},"end":{"line":50,"column":50}},"type":"binary-expr","locations":[{"start":{"line":50,"column":21},"end":{"line":50,"column":36}},{"start":{"line":50,"column":40},"end":{"line":50,"column":50}}]},"5":{"loc":{"start":{"line":68,"column":4},"end":{"line":71,"column":null}},"type":"if","locations":[{"start":{"line":68,"column":4},"end":{"line":71,"column":null}}]}},"s":{"0":0,"1":0,"2":0,"3":0,"4":0,"5":0,"6":0,"7":0,"8":0,"9":0,"10":0,"11":0,"12":0,"13":0,"14":0,"15":0,"16":0,"17":0,"18":0,"19":0,"20":0,"21":0,"22":0,"23":0,"24":0,"25":0,"26":0,"27":0},"f":{"0":0,"1":0,"2":0,"3":0,"4":0,"5":0,"6":0,"7":0,"8":0},"b":{"0":[0,0],"1":[0,0,0],"2":[0,0],"3":[0],"4":[0,0],"5":[0]}},"/Users/tylerhenry/Documents/GitHub/jogger/coverage-venn/src/managers/HashTrackingManager.ts":{"path":"/Users/tylerhenry/Documents/GitHub/jogger/coverage-venn/src/managers/HashTrackingManager.ts","statementMap":{"0":{"start":{"line":1,"column":0},"end":{"line":1,"column":49}},"1":{"start":{"line":3,"column":0},"end":{"line":3,"column":34}},"2":{"start":{"line":13,"column":10},"end":{"line":13,"column":55}},"3":{"start":{"line":17,"column":4},"end":{"line":17,"column":31}},"4":{"start":{"line":21,"column":17},"end":{"line":21,"column":52}},"5":{"start":{"line":22,"column":31},"end":{"line":27,"column":6}},"6":{"start":{"line":29,"column":4},"end":{"line":29,"column":43}},"7":{"start":{"line":30,"column":4},"end":{"line":30,"column":30}},"8":{"start":{"line":31,"column":4},"end":{"line":31,"column":20}},"9":{"start":{"line":35,"column":24},"end":{"line":35,"column":59}},"10":{"start":{"line":36,"column":23},"end":{"line":36,"column":51}},"11":{"start":{"line":37,"column":4},"end":{"line":37,"column":58}},"12":{"start":{"line":41,"column":37},"end":{"line":41,"column":39}},"13":{"start":{"line":43,"column":4},"end":{"line":47,"column":null}},"14":{"start":{"line":44,"column":6},"end":{"line":46,"column":null}},"15":{"start":{"line":45,"column":8},"end":{"line":45,"column":34}},"16":{"start":{"line":49,"column":4},"end":{"line":49,"column":24}},"17":{"start":{"line":53,"column":22},"end":{"line":53,"column":83}},"18":{"start":{"line":54,"column":4},"end":{"line":54,"column":50}},"19":{"start":{"line":58,"column":4},"end":{"line":63,"column":null}},"20":{"start":{"line":59,"column":19},"end":{"line":59,"column":61}},"21":{"start":{"line":60,"column":6},"end":{"line":60,"column":49}},"22":{"start":{"line":62,"column":6},"end":{"line":62,"column":33}},"23":{"start":{"line":12,"column":0},"end":{"line":12,"column":13}}},"fnMap":{"0":{"name":"(anonymous_6)","decl":{"start":{"line":16,"column":2},"end":{"line":16,"column":14}},"loc":{"start":{"line":16,"column":52},"end":{"line":18,"column":3}}},"1":{"name":"(anonymous_7)","decl":{"start":{"line":20,"column":2},"end":{"line":20,"column":7}},"loc":{"start":{"line":20,"column":68},"end":{"line":32,"column":3}}},"2":{"name":"(anonymous_8)","decl":{"start":{"line":34,"column":2},"end":{"line":34,"column":7}},"loc":{"start":{"line":34,"column":39},"end":{"line":38,"column":3}}},"3":{"name":"(anonymous_9)","decl":{"start":{"line":40,"column":2},"end":{"line":40,"column":7}},"loc":{"start":{"line":40,"column":23},"end":{"line":50,"column":3}}},"4":{"name":"(anonymous_10)","decl":{"start":{"line":52,"column":10},"end":{"line":52,"column":15}},"loc":{"start":{"line":52,"column":28},"end":{"line":55,"column":3}}},"5":{"name":"(anonymous_11)","decl":{"start":{"line":57,"column":10},"end":{"line":57,"column":15}},"loc":{"start":{"line":57,"column":25},"end":{"line":64,"column":3}}}},"branchMap":{"0":{"loc":{"start":{"line":16,"column":14},"end":{"line":16,"column":52}},"type":"default-arg","locations":[{"start":{"line":16,"column":34},"end":{"line":16,"column":52}}]},"1":{"loc":{"start":{"line":20,"column":36},"end":{"line":20,"column":68}},"type":"default-arg","locations":[{"start":{"line":20,"column":66},"end":{"line":20,"column":68}}]},"2":{"loc":{"start":{"line":37,"column":11},"end":{"line":37,"column":57}},"type":"binary-expr","locations":[{"start":{"line":37,"column":11},"end":{"line":37,"column":22}},{"start":{"line":37,"column":26},"end":{"line":37,"column":57}}]},"3":{"loc":{"start":{"line":44,"column":6},"end":{"line":46,"column":null}},"type":"if","locations":[{"start":{"line":44,"column":6},"end":{"line":46,"column":null}}]}},"s":{"0":0,"1":0,"2":0,"3":0,"4":0,"5":0,"6":0,"7":0,"8":0,"9":0,"10":0,"11":0,"12":0,"13":0,"14":0,"15":0,"16":0,"17":0,"18":0,"19":0,"20":0,"21":0,"22":0,"23":0},"f":{"0":0,"1":0,"2":0,"3":0,"4":0,"5":0},"b":{"0":[0],"1":[0],"2":[0,0],"3":[0]}},"/Users/tylerhenry/Documents/GitHub/jogger/coverage-venn/src/managers/TagManager.ts":{"path":"/Users/tylerhenry/Documents/GitHub/jogger/coverage-venn/src/managers/TagManager.ts","statementMap":{"0":{"start":{"line":1,"column":0},"end":{"line":1,"column":34}},"1":{"start":{"line":2,"column":0},"end":{"line":2,"column":29}},"2":{"start":{"line":18,"column":10},"end":{"line":18,"column":55}},"3":{"start":{"line":22,"column":4},"end":{"line":22,"column":62}},"4":{"start":{"line":26,"column":4},"end":{"line":31,"column":null}},"5":{"start":{"line":27,"column":19},"end":{"line":27,"column":64}},"6":{"start":{"line":28,"column":6},"end":{"line":28,"column":44}},"7":{"start":{"line":30,"column":6},"end":{"line":30,"column":28}},"8":{"start":{"line":35,"column":17},"end":{"line":35,"column":73}},"9":{"start":{"line":36,"column":4},"end":{"line":36,"column":48}},"10":{"start":{"line":40,"column":4},"end":{"line":40,"column":26}},"11":{"start":{"line":41,"column":4},"end":{"line":47,"column":7}},"12":{"start":{"line":48,"column":4},"end":{"line":48,"column":26}},"13":{"start":{"line":52,"column":16},"end":{"line":52,"column":38}},"14":{"start":{"line":53,"column":4},"end":{"line":53,"column":58}},"15":{"start":{"line":53,"column":14},"end":{"line":53,"column":58}},"16":{"start":{"line":55,"column":4},"end":{"line":55,"column":38}},"17":{"start":{"line":56,"column":4},"end":{"line":56,"column":54}},"18":{"start":{"line":57,"column":4},"end":{"line":57,"column":26}},"19":{"start":{"line":61,"column":4},"end":{"line":62,"column":61}},"20":{"start":{"line":62,"column":21},"end":{"line":62,"column":59}},"21":{"start":{"line":66,"column":16},"end":{"line":66,"column":38}},"22":{"start":{"line":67,"column":4},"end":{"line":67,"column":24}},"23":{"start":{"line":67,"column":14},"end":{"line":67,"column":24}},"24":{"start":{"line":69,"column":4},"end":{"line":70,"column":55}},"25":{"start":{"line":70,"column":19},"end":{"line":70,"column":53}},"26":{"start":{"line":74,"column":4},"end":{"line":76,"column":null}},"27":{"start":{"line":75,"column":6},"end":{"line":75,"column":52}},"28":{"start":{"line":78,"column":4},"end":{"line":80,"column":null}},"29":{"start":{"line":79,"column":6},"end":{"line":79,"column":69}},"30":{"start":{"line":82,"column":4},"end":{"line":84,"column":null}},"31":{"start":{"line":83,"column":6},"end":{"line":83,"column":76}},"32":{"start":{"line":17,"column":0},"end":{"line":17,"column":13}}},"fnMap":{"0":{"name":"(anonymous_6)","decl":{"start":{"line":21,"column":2},"end":{"line":21,"column":14}},"loc":{"start":{"line":21,"column":29},"end":{"line":23,"column":3}}},"1":{"name":"(anonymous_7)","decl":{"start":{"line":25,"column":2},"end":{"line":25,"column":7}},"loc":{"start":{"line":25,"column":16},"end":{"line":32,"column":3}}},"2":{"name":"(anonymous_8)","decl":{"start":{"line":34,"column":2},"end":{"line":34,"column":7}},"loc":{"start":{"line":34,"column":16},"end":{"line":37,"column":3}}},"3":{"name":"(anonymous_9)","decl":{"start":{"line":39,"column":2},"end":{"line":39,"column":7}},"loc":{"start":{"line":39,"column":38},"end":{"line":49,"column":3}}},"4":{"name":"(anonymous_10)","decl":{"start":{"line":51,"column":2},"end":{"line":51,"column":7}},"loc":{"start":{"line":51,"column":68},"end":{"line":58,"column":3}}},"5":{"name":"(anonymous_11)","decl":{"start":{"line":60,"column":2},"end":{"line":60,"column":7}},"loc":{"start":{"line":60,"column":48},"end":{"line":63,"column":3}}},"6":{"name":"(anonymous_12)","decl":{"start":{"line":62,"column":14},"end":{"line":62,"column":17}},"loc":{"start":{"line":62,"column":21},"end":{"line":62,"column":59}}},"7":{"name":"(anonymous_13)","decl":{"start":{"line":65,"column":2},"end":{"line":65,"column":7}},"loc":{"start":{"line":65,"column":38},"end":{"line":71,"column":3}}},"8":{"name":"(anonymous_14)","decl":{"start":{"line":70,"column":14},"end":{"line":70,"column":15}},"loc":{"start":{"line":70,"column":19},"end":{"line":70,"column":53}}},"9":{"name":"(anonymous_15)","decl":{"start":{"line":73,"column":10},"end":{"line":73,"column":21}},"loc":{"start":{"line":73,"column":40},"end":{"line":85,"column":3}}}},"branchMap":{"0":{"loc":{"start":{"line":53,"column":4},"end":{"line":53,"column":58}},"type":"if","locations":[{"start":{"line":53,"column":4},"end":{"line":53,"column":58}}]},"1":{"loc":{"start":{"line":67,"column":4},"end":{"line":67,"column":24}},"type":"if","locations":[{"start":{"line":67,"column":4},"end":{"line":67,"column":24}}]},"2":{"loc":{"start":{"line":74,"column":4},"end":{"line":76,"column":null}},"type":"if","locations":[{"start":{"line":74,"column":4},"end":{"line":76,"column":null}}]},"3":{"loc":{"start":{"line":78,"column":4},"end":{"line":80,"column":null}},"type":"if","locations":[{"start":{"line":78,"column":4},"end":{"line":80,"column":null}}]},"4":{"loc":{"start":{"line":82,"column":4},"end":{"line":84,"column":null}},"type":"if","locations":[{"start":{"line":82,"column":4},"end":{"line":84,"column":null}}]}},"s":{"0":0,"1":0,"2":0,"3":0,"4":0,"5":0,"6":0,"7":0,"8":0,"9":0,"10":0,"11":0,"12":0,"13":0,"14":0,"15":0,"16":0,"17":0,"18":0,"19":0,"20":0,"21":0,"22":0,"23":0,"24":0,"25":0,"26":0,"27":0,"28":0,"29":0,"30":0,"31":0,"32":0},"f":{"0":0,"1":0,"2":0,"3":0,"4":0,"5":0,"6":0,"7":0,"8":0,"9":0},"b":{"0":[0],"1":[0],"2":[0],"3":[0],"4":[0]}},"/Users/tylerhenry/Documents/GitHub/jogger/coverage-venn/src/managers/component.ts":{"path":"/Users/tylerhenry/Documents/GitHub/jogger/coverage-venn/src/managers/component.ts","statementMap":{"0":{"start":{"line":1,"column":0},"end":{"line":1,"column":82}},"1":{"start":{"line":2,"column":0},"end":{"line":2,"column":60}},"2":{"start":{"line":3,"column":0},"end":{"line":3,"column":60}},"3":{"start":{"line":4,"column":0},"end":{"line":4,"column":42}},"4":{"start":{"line":5,"column":0},"end":{"line":5,"column":64}},"5":{"start":{"line":7,"column":0},"end":{"line":7,"column":44}},"6":{"start":{"line":31,"column":4},"end":{"line":31,"column":51}},"7":{"start":{"line":32,"column":4},"end":{"line":32,"column":49}},"8":{"start":{"line":34,"column":4},"end":{"line":37,"column":7}},"9":{"start":{"line":39,"column":4},"end":{"line":42,"column":6}},"10":{"start":{"line":44,"column":4},"end":{"line":44,"column":52}},"11":{"start":{"line":45,"column":4},"end":{"line":45,"column":107}},"12":{"start":{"line":49,"column":20},"end":{"line":49,"column":59}},"13":{"start":{"line":50,"column":4},"end":{"line":50,"column":48}},"14":{"start":{"line":51,"column":22},"end":{"line":51,"column":63}},"15":{"start":{"line":52,"column":4},"end":{"line":52,"column":46}},"16":{"start":{"line":53,"column":4},"end":{"line":53,"column":43}},"17":{"start":{"line":54,"column":4},"end":{"line":54,"column":21}},"18":{"start":{"line":58,"column":4},"end":{"line":60,"column":null}},"19":{"start":{"line":59,"column":6},"end":{"line":59,"column":63}},"20":{"start":{"line":64,"column":4},"end":{"line":64,"column":37}},"21":{"start":{"line":66,"column":46},"end":{"line":76,"column":7}},"22":{"start":{"line":66,"column":95},"end":{"line":76,"column":6}},"23":{"start":{"line":78,"column":4},"end":{"line":91,"column":null}},"24":{"start":{"line":79,"column":6},"end":{"line":90,"column":9}},"25":{"start":{"line":83,"column":10},"end":{"line":83,"column":44}},"26":{"start":{"line":93,"column":4},"end":{"line":93,"column":65}},"27":{"start":{"line":94,"column":4},"end":{"line":94,"column":61}},"28":{"start":{"line":22,"column":0},"end":{"line":22,"column":13}}},"fnMap":{"0":{"name":"(anonymous_0)","decl":{"start":{"line":30,"column":2},"end":{"line":30,"column":null}},"loc":{"start":{"line":30,"column":2},"end":{"line":46,"column":3}}},"1":{"name":"(anonymous_1)","decl":{"start":{"line":48,"column":2},"end":{"line":48,"column":7}},"loc":{"start":{"line":48,"column":21},"end":{"line":55,"column":3}}},"2":{"name":"(anonymous_2)","decl":{"start":{"line":57,"column":10},"end":{"line":57,"column":15}},"loc":{"start":{"line":57,"column":63},"end":{"line":61,"column":3}}},"3":{"name":"(anonymous_3)","decl":{"start":{"line":63,"column":10},"end":{"line":63,"column":15}},"loc":{"start":{"line":63,"column":70},"end":{"line":95,"column":3}}},"4":{"name":"(anonymous_4)","decl":{"start":{"line":66,"column":81},"end":{"line":66,"column":90}},"loc":{"start":{"line":66,"column":95},"end":{"line":76,"column":6}}},"5":{"name":"(anonymous_5)","decl":{"start":{"line":82,"column":46},"end":{"line":82,"column":47}},"loc":{"start":{"line":83,"column":10},"end":{"line":83,"column":44}}},"6":{"name":"(anonymous_6)","decl":{"start":{"line":97,"column":2},"end":{"line":97,"column":7}},"loc":{"start":{"line":97,"column":20},"end":{"line":99,"column":3}}},"7":{"name":"(anonymous_7)","decl":{"start":{"line":101,"column":2},"end":{"line":101,"column":7}},"loc":{"start":{"line":101,"column":20},"end":{"line":103,"column":3}}}},"branchMap":{"0":{"loc":{"start":{"line":45,"column":56},"end":{"line":45,"column":105}},"type":"binary-expr","locations":[{"start":{"line":45,"column":56},"end":{"line":45,"column":83}},{"start":{"line":45,"column":87},"end":{"line":45,"column":105}}]},"1":{"loc":{"start":{"line":49,"column":20},"end":{"line":49,"column":59}},"type":"binary-expr","locations":[{"start":{"line":49,"column":20},"end":{"line":49,"column":39}},{"start":{"line":49,"column":43},"end":{"line":49,"column":59}}]}},"s":{"0":0,"1":0,"2":0,"3":0,"4":0,"5":0,"6":0,"7":0,"8":0,"9":0,"10":0,"11":0,"12":0,"13":0,"14":0,"15":0,"16":0,"17":0,"18":0,"19":0,"20":0,"21":0,"22":0,"23":0,"24":0,"25":0,"26":0,"27":0,"28":0},"f":{"0":0,"1":0,"2":0,"3":0,"4":0,"5":0,"6":0,"7":0},"b":{"0":[0,0],"1":[0,0]}},"/Users/tylerhenry/Documents/GitHub/jogger/coverage-venn/src/managers/migration.ts":{"path":"/Users/tylerhenry/Documents/GitHub/jogger/coverage-venn/src/managers/migration.ts","statementMap":{"0":{"start":{"line":1,"column":0},"end":{"line":1,"column":13}}},"fnMap":{"0":{"name":"(anonymous_0)","decl":{"start":{"line":2,"column":2},"end":{"line":2,"column":7}},"loc":{"start":{"line":2,"column":21},"end":{"line":4,"column":3}}},"1":{"name":"(anonymous_1)","decl":{"start":{"line":6,"column":2},"end":{"line":6,"column":7}},"loc":{"start":{"line":6,"column":24},"end":{"line":8,"column":3}}},"2":{"name":"(anonymous_2)","decl":{"start":{"line":10,"column":2},"end":{"line":10,"column":7}},"loc":{"start":{"line":10,"column":25},"end":{"line":12,"column":3}}}},"branchMap":{},"s":{"0":0},"f":{"0":0,"1":0,"2":0},"b":{}},"/Users/tylerhenry/Documents/GitHub/jogger/coverage-venn/src/managers/test.ts":{"path":"/Users/tylerhenry/Documents/GitHub/jogger/coverage-venn/src/managers/test.ts","statementMap":{"0":{"start":{"line":1,"column":0},"end":{"line":1,"column":13}}},"fnMap":{"0":{"name":"(anonymous_0)","decl":{"start":{"line":2,"column":2},"end":{"line":2,"column":7}},"loc":{"start":{"line":2,"column":29},"end":{"line":4,"column":3}}},"1":{"name":"(anonymous_1)","decl":{"start":{"line":6,"column":2},"end":{"line":6,"column":7}},"loc":{"start":{"line":6,"column":26},"end":{"line":8,"column":3}}},"2":{"name":"(anonymous_2)","decl":{"start":{"line":10,"column":2},"end":{"line":10,"column":7}},"loc":{"start":{"line":10,"column":31},"end":{"line":12,"column":3}}}},"branchMap":{},"s":{"0":0},"f":{"0":0,"1":0,"2":0},"b":{}},"/Users/tylerhenry/Documents/GitHub/jogger/coverage-venn/src/reporters/correlation.ts":{"path":"/Users/tylerhenry/Documents/GitHub/jogger/coverage-venn/src/reporters/correlation.ts","statementMap":{"0":{"start":{"line":9,"column":4},"end":{"line":13,"column":6}},"1":{"start":{"line":7,"column":0},"end":{"line":7,"column":13}}},"fnMap":{"0":{"name":"(anonymous_0)","decl":{"start":{"line":8,"column":2},"end":{"line":8,"column":7}},"loc":{"start":{"line":8,"column":22},"end":{"line":14,"column":3}}}},"branchMap":{},"s":{"0":0,"1":0},"f":{"0":0},"b":{}},"/Users/tylerhenry/Documents/GitHub/jogger/coverage-venn/src/reporters/coverage.ts":{"path":"/Users/tylerhenry/Documents/GitHub/jogger/coverage-venn/src/reporters/coverage.ts","statementMap":{"0":{"start":{"line":1,"column":0},"end":{"line":1,"column":34}},"1":{"start":{"line":2,"column":0},"end":{"line":2,"column":29}},"2":{"start":{"line":4,"column":0},"end":{"line":4,"column":54}},"3":{"start":{"line":26,"column":22},"end":{"line":26,"column":42}},"4":{"start":{"line":29,"column":20},"end":{"line":29,"column":51}},"5":{"start":{"line":30,"column":27},"end":{"line":35,"column":6}},"6":{"start":{"line":37,"column":4},"end":{"line":37,"column":34}},"7":{"start":{"line":38,"column":4},"end":{"line":38,"column":18}},"8":{"start":{"line":42,"column":18},"end":{"line":42,"column":35}},"9":{"start":{"line":43,"column":20},"end":{"line":45,"column":12}},"10":{"start":{"line":44,"column":6},"end":{"line":44,"column":49}},"11":{"start":{"line":44,"column":43},"end":{"line":44,"column":48}},"12":{"start":{"line":47,"column":4},"end":{"line":51,"column":6}},"13":{"start":{"line":55,"column":4},"end":{"line":60,"column":7}},"14":{"start":{"line":57,"column":19},"end":{"line":57,"column":45}},"15":{"start":{"line":58,"column":19},"end":{"line":58,"column":45}},"16":{"start":{"line":59,"column":6},"end":{"line":59,"column":25}},"17":{"start":{"line":64,"column":19},"end":{"line":64,"column":52}},"18":{"start":{"line":65,"column":4},"end":{"line":65,"column":69}},"19":{"start":{"line":65,"column":39},"end":{"line":65,"column":48}},"20":{"start":{"line":69,"column":4},"end":{"line":77,"column":null}},"21":{"start":{"line":70,"column":6},"end":{"line":74,"column":8}},"22":{"start":{"line":76,"column":6},"end":{"line":76,"column":16}},"23":{"start":{"line":81,"column":4},"end":{"line":81,"column":56}},"24":{"start":{"line":84,"column":4},"end":{"line":87,"column":6}},"25":{"start":{"line":90,"column":17},"end":{"line":90,"column":43}},"26":{"start":{"line":91,"column":4},"end":{"line":94,"column":6}},"27":{"start":{"line":25,"column":0},"end":{"line":25,"column":13}}},"fnMap":{"0":{"name":"(anonymous_6)","decl":{"start":{"line":26,"column":2},"end":{"line":26,"column":22}},"loc":{"start":{"line":26,"column":52},"end":{"line":26,"column":56}}},"1":{"name":"(anonymous_7)","decl":{"start":{"line":28,"column":2},"end":{"line":28,"column":7}},"loc":{"start":{"line":28,"column":52},"end":{"line":39,"column":3}}},"2":{"name":"(anonymous_8)","decl":{"start":{"line":41,"column":10},"end":{"line":41,"column":26}},"loc":{"start":{"line":41,"column":58},"end":{"line":52,"column":3}}},"3":{"name":"(anonymous_9)","decl":{"start":{"line":43,"column":38},"end":{"line":43,"column":39}},"loc":{"start":{"line":44,"column":6},"end":{"line":44,"column":49}}},"4":{"name":"(anonymous_10)","decl":{"start":{"line":44,"column":38},"end":{"line":44,"column":39}},"loc":{"start":{"line":44,"column":43},"end":{"line":44,"column":48}}},"5":{"name":"(anonymous_11)","decl":{"start":{"line":54,"column":10},"end":{"line":54,"column":24}},"loc":{"start":{"line":54,"column":56},"end":{"line":61,"column":3}}},"6":{"name":"(anonymous_12)","decl":{"start":{"line":55,"column":32},"end":{"line":55,"column":33}},"loc":{"start":{"line":55,"column":41},"end":{"line":60,"column":5}}},"7":{"name":"(anonymous_13)","decl":{"start":{"line":63,"column":10},"end":{"line":63,"column":28}},"loc":{"start":{"line":63,"column":57},"end":{"line":66,"column":3}}},"8":{"name":"(anonymous_14)","decl":{"start":{"line":65,"column":25},"end":{"line":65,"column":26}},"loc":{"start":{"line":65,"column":39},"end":{"line":65,"column":48}}},"9":{"name":"(anonymous_15)","decl":{"start":{"line":68,"column":10},"end":{"line":68,"column":15}},"loc":{"start":{"line":68,"column":27},"end":{"line":78,"column":3}}},"10":{"name":"(anonymous_16)","decl":{"start":{"line":80,"column":10},"end":{"line":80,"column":15}},"loc":{"start":{"line":80,"column":41},"end":{"line":95,"column":3}}}},"branchMap":{"0":{"loc":{"start":{"line":26,"column":22},"end":{"line":26,"column":52}},"type":"default-arg","locations":[{"start":{"line":26,"column":42},"end":{"line":26,"column":52}}]}},"s":{"0":0,"1":0,"2":0,"3":0,"4":0,"5":0,"6":0,"7":0,"8":0,"9":0,"10":0,"11":0,"12":0,"13":0,"14":0,"15":0,"16":0,"17":0,"18":0,"19":0,"20":0,"21":0,"22":0,"23":0,"24":0,"25":0,"26":0,"27":0},"f":{"0":0,"1":0,"2":0,"3":0,"4":0,"5":0,"6":0,"7":0,"8":0,"9":0,"10":0},"b":{"0":[0]}},"/Users/tylerhenry/Documents/GitHub/jogger/coverage-venn/src/reporters/visualization.ts":{"path":"/Users/tylerhenry/Documents/GitHub/jogger/coverage-venn/src/reporters/visualization.ts","statementMap":{"0":{"start":{"line":1,"column":0},"end":{"line":1,"column":13}}},"fnMap":{"0":{"name":"(anonymous_0)","decl":{"start":{"line":2,"column":2},"end":{"line":2,"column":7}},"loc":{"start":{"line":2,"column":27},"end":{"line":4,"column":3}}},"1":{"name":"(anonymous_1)","decl":{"start":{"line":6,"column":2},"end":{"line":6,"column":7}},"loc":{"start":{"line":6,"column":31},"end":{"line":8,"column":3}}}},"branchMap":{},"s":{"0":0},"f":{"0":0,"1":0},"b":{}},"/Users/tylerhenry/Documents/GitHub/jogger/coverage-venn/src/reporters/templates/html.ts":{"path":"/Users/tylerhenry/Documents/GitHub/jogger/coverage-venn/src/reporters/templates/html.ts","statementMap":{"0":{"start":{"line":4,"column":2},"end":{"line":71,"column":4}},"1":{"start":{"line":3,"column":0},"end":{"line":3,"column":16}},"2":{"start":{"line":75,"column":2},"end":{"line":82,"column":4}},"3":{"start":{"line":86,"column":2},"end":{"line":109,"column":4}},"4":{"start":{"line":98,"column":40},"end":{"line":106,"column":10}},"5":{"start":{"line":113,"column":2},"end":{"line":117,"column":4}},"6":{"start":{"line":121,"column":2},"end":{"line":126,"column":4}},"7":{"start":{"line":130,"column":2},"end":{"line":130,"column":42}},"8":{"start":{"line":130,"column":19},"end":{"line":130,"column":42}},"9":{"start":{"line":131,"column":2},"end":{"line":131,"column":44}},"10":{"start":{"line":131,"column":19},"end":{"line":131,"column":44}},"11":{"start":{"line":132,"column":2},"end":{"line":132,"column":24}}},"fnMap":{"0":{"name":"generateHtmlReport","decl":{"start":{"line":3,"column":16},"end":{"line":3,"column":34}},"loc":{"start":{"line":3,"column":49},"end":{"line":72,"column":1}}},"1":{"name":"generateSummarySection","decl":{"start":{"line":74,"column":9},"end":{"line":74,"column":31}},"loc":{"start":{"line":74,"column":46},"end":{"line":83,"column":1}}},"2":{"name":"generateCoverageTable","decl":{"start":{"line":85,"column":9},"end":{"line":85,"column":30}},"loc":{"start":{"line":85,"column":45},"end":{"line":110,"column":1}}},"3":{"name":"(anonymous_3)","decl":{"start":{"line":98,"column":32},"end":{"line":98,"column":36}},"loc":{"start":{"line":98,"column":40},"end":{"line":106,"column":10}}},"4":{"name":"generateMetadataSection","decl":{"start":{"line":112,"column":9},"end":{"line":112,"column":32}},"loc":{"start":{"line":112,"column":47},"end":{"line":118,"column":1}}},"5":{"name":"renderCoverageBar","decl":{"start":{"line":120,"column":9},"end":{"line":120,"column":26}},"loc":{"start":{"line":120,"column":40},"end":{"line":127,"column":1}}},"6":{"name":"getCoverageClass","decl":{"start":{"line":129,"column":9},"end":{"line":129,"column":25}},"loc":{"start":{"line":129,"column":39},"end":{"line":133,"column":1}}}},"branchMap":{"0":{"loc":{"start":{"line":130,"column":2},"end":{"line":130,"column":42}},"type":"if","locations":[{"start":{"line":130,"column":2},"end":{"line":130,"column":42}}]},"1":{"loc":{"start":{"line":131,"column":2},"end":{"line":131,"column":44}},"type":"if","locations":[{"start":{"line":131,"column":2},"end":{"line":131,"column":44}}]}},"s":{"0":0,"1":0,"2":0,"3":0,"4":0,"5":0,"6":0,"7":0,"8":0,"9":0,"10":0,"11":0},"f":{"0":0,"1":0,"2":0,"3":0,"4":0,"5":0,"6":0},"b":{"0":[0],"1":[0]}},"/Users/tylerhenry/Documents/GitHub/jogger/coverage-venn/src/scanners/ComponentHierarchyScanner.ts":{"path":"/Users/tylerhenry/Documents/GitHub/jogger/coverage-venn/src/scanners/ComponentHierarchyScanner.ts","statementMap":{"0":{"start":{"line":1,"column":0},"end":{"line":1,"column":38}},"1":{"start":{"line":2,"column":0},"end":{"line":2,"column":53}},"2":{"start":{"line":3,"column":0},"end":{"line":3,"column":34}},"3":{"start":{"line":4,"column":0},"end":{"line":4,"column":34}},"4":{"start":{"line":5,"column":0},"end":{"line":5,"column":29}},"5":{"start":{"line":6,"column":0},"end":{"line":6,"column":65}},"6":{"start":{"line":7,"column":0},"end":{"line":7,"column":44}},"7":{"start":{"line":24,"column":38},"end":{"line":28,"column":2}},"8":{"start":{"line":36,"column":4},"end":{"line":36,"column":34}},"9":{"start":{"line":37,"column":4},"end":{"line":37,"column":43}},"10":{"start":{"line":39,"column":4},"end":{"line":52,"column":null}},"11":{"start":{"line":40,"column":27},"end":{"line":43,"column":8}},"12":{"start":{"line":45,"column":6},"end":{"line":48,"column":8}},"13":{"start":{"line":50,"column":6},"end":{"line":50,"column":76}},"14":{"start":{"line":51,"column":6},"end":{"line":51,"column":35}},"15":{"start":{"line":54,"column":4},"end":{"line":54,"column":48}},"16":{"start":{"line":58,"column":18},"end":{"line":58,"column":56}},"17":{"start":{"line":59,"column":4},"end":{"line":59,"column":33}},"18":{"start":{"line":60,"column":4},"end":{"line":62,"column":null}},"19":{"start":{"line":61,"column":6},"end":{"line":61,"column":40}},"20":{"start":{"line":64,"column":4},"end":{"line":64,"column":36}},"21":{"start":{"line":65,"column":4},"end":{"line":65,"column":29}},"22":{"start":{"line":69,"column":4},"end":{"line":69,"column":44}},"23":{"start":{"line":70,"column":4},"end":{"line":72,"column":null}},"24":{"start":{"line":71,"column":6},"end":{"line":71,"column":16}},"25":{"start":{"line":74,"column":28},"end":{"line":74,"column":30}},"26":{"start":{"line":75,"column":20},"end":{"line":75,"column":66}},"27":{"start":{"line":76,"column":4},"end":{"line":76,"column":96}},"28":{"start":{"line":76,"column":52},"end":{"line":76,"column":92}},"29":{"start":{"line":78,"column":4},"end":{"line":92,"column":null}},"30":{"start":{"line":79,"column":23},"end":{"line":79,"column":49}},"31":{"start":{"line":80,"column":6},"end":{"line":91,"column":null}},"32":{"start":{"line":81,"column":8},"end":{"line":81,"column":53}},"33":{"start":{"line":82,"column":8},"end":{"line":82,"column":74}},"34":{"start":{"line":84,"column":8},"end":{"line":84,"column":48}},"35":{"start":{"line":85,"column":28},"end":{"line":85,"column":60}},"36":{"start":{"line":86,"column":8},"end":{"line":86,"column":67}},"37":{"start":{"line":87,"column":8},"end":{"line":90,"column":null}},"38":{"start":{"line":88,"column":10},"end":{"line":88,"column":58}},"39":{"start":{"line":89,"column":10},"end":{"line":89,"column":31}},"40":{"start":{"line":94,"column":4},"end":{"line":94,"column":17}},"41":{"start":{"line":98,"column":27},"end":{"line":107,"column":6}},"42":{"start":{"line":99,"column":26},"end":{"line":102,"column":30}},"43":{"start":{"line":103,"column":20},"end":{"line":103,"column":43}},"44":{"start":{"line":104,"column":22},"end":{"line":104,"column":42}},"45":{"start":{"line":105,"column":6},"end":{"line":105,"column":97}},"46":{"start":{"line":106,"column":6},"end":{"line":106,"column":21}},"47":{"start":{"line":109,"column":27},"end":{"line":118,"column":6}},"48":{"start":{"line":110,"column":26},"end":{"line":113,"column":30}},"49":{"start":{"line":114,"column":20},"end":{"line":114,"column":43}},"50":{"start":{"line":115,"column":22},"end":{"line":115,"column":42}},"51":{"start":{"line":116,"column":6},"end":{"line":116,"column":97}},"52":{"start":{"line":117,"column":6},"end":{"line":117,"column":21}},"53":{"start":{"line":120,"column":4},"end":{"line":120,"column":45}},"54":{"start":{"line":124,"column":20},"end":{"line":124,"column":56}},"55":{"start":{"line":125,"column":16},"end":{"line":128,"column":6}},"56":{"start":{"line":131,"column":26},"end":{"line":132,"column":46}},"57":{"start":{"line":132,"column":30},"end":{"line":132,"column":45}},"58":{"start":{"line":134,"column":41},"end":{"line":141,"column":6}},"59":{"start":{"line":143,"column":4},"end":{"line":165,"column":7}},"60":{"start":{"line":145,"column":8},"end":{"line":145,"column":59}},"61":{"start":{"line":148,"column":8},"end":{"line":150,"column":null}},"62":{"start":{"line":149,"column":10},"end":{"line":149,"column":54}},"63":{"start":{"line":153,"column":8},"end":{"line":163,"column":null}},"64":{"start":{"line":154,"column":25},"end":{"line":154,"column":46}},"65":{"start":{"line":155,"column":35},"end":{"line":155,"column":81}},"66":{"start":{"line":156,"column":10},"end":{"line":161,"column":null}},"67":{"start":{"line":157,"column":12},"end":{"line":160,"column":15}},"68":{"start":{"line":158,"column":14},"end":{"line":158,"column":77}},"69":{"start":{"line":159,"column":14},"end":{"line":159,"column":63}},"70":{"start":{"line":162,"column":10},"end":{"line":162,"column":45}},"71":{"start":{"line":167,"column":4},"end":{"line":167,"column":61}},"72":{"start":{"line":171,"column":4},"end":{"line":178,"column":null}},"73":{"start":{"line":172,"column":6},"end":{"line":177,"column":null}},"74":{"start":{"line":173,"column":31},"end":{"line":173,"column":63}},"75":{"start":{"line":174,"column":8},"end":{"line":176,"column":null}},"76":{"start":{"line":175,"column":10},"end":{"line":175,"column":44}},"77":{"start":{"line":182,"column":4},"end":{"line":182,"column":31}},"78":{"start":{"line":30,"column":0},"end":{"line":30,"column":13}}},"fnMap":{"0":{"name":"(anonymous_7)","decl":{"start":{"line":35,"column":2},"end":{"line":35,"column":null}},"loc":{"start":{"line":35,"column":2},"end":{"line":55,"column":3}}},"1":{"name":"(anonymous_8)","decl":{"start":{"line":57,"column":2},"end":{"line":57,"column":7}},"loc":{"start":{"line":57,"column":37},"end":{"line":66,"column":3}}},"2":{"name":"(anonymous_9)","decl":{"start":{"line":68,"column":10},"end":{"line":68,"column":15}},"loc":{"start":{"line":68,"column":57},"end":{"line":95,"column":3}}},"3":{"name":"(anonymous_10)","decl":{"start":{"line":76,"column":46},"end":{"line":76,"column":47}},"loc":{"start":{"line":76,"column":52},"end":{"line":76,"column":92}}},"4":{"name":"(anonymous_11)","decl":{"start":{"line":97,"column":10},"end":{"line":97,"column":25}},"loc":{"start":{"line":97,"column":42},"end":{"line":121,"column":3}}},"5":{"name":"(anonymous_12)","decl":{"start":{"line":98,"column":53},"end":{"line":98,"column":60}},"loc":{"start":{"line":98,"column":63},"end":{"line":107,"column":5}}},"6":{"name":"(anonymous_13)","decl":{"start":{"line":109,"column":53},"end":{"line":109,"column":60}},"loc":{"start":{"line":109,"column":63},"end":{"line":118,"column":5}}},"7":{"name":"(anonymous_14)","decl":{"start":{"line":123,"column":10},"end":{"line":123,"column":15}},"loc":{"start":{"line":123,"column":49},"end":{"line":168,"column":3}}},"8":{"name":"(anonymous_15)","decl":{"start":{"line":132,"column":25},"end":{"line":132,"column":26}},"loc":{"start":{"line":132,"column":30},"end":{"line":132,"column":45}}},"9":{"name":"(anonymous_16)","decl":{"start":{"line":144,"column":25},"end":{"line":144,"column":26}},"loc":{"start":{"line":144,"column":65},"end":{"line":146,"column":7}}},"10":{"name":"(anonymous_17)","decl":{"start":{"line":147,"column":21},"end":{"line":147,"column":22}},"loc":{"start":{"line":147,"column":57},"end":{"line":151,"column":7}}},"11":{"name":"(anonymous_18)","decl":{"start":{"line":152,"column":20},"end":{"line":152,"column":21}},"loc":{"start":{"line":152,"column":55},"end":{"line":164,"column":7}}},"12":{"name":"(anonymous_19)","decl":{"start":{"line":157,"column":44},"end":{"line":157,"column":45}},"loc":{"start":{"line":157,"column":71},"end":{"line":160,"column":13}}},"13":{"name":"(anonymous_20)","decl":{"start":{"line":170,"column":10},"end":{"line":170,"column":15}},"loc":{"start":{"line":170,"column":34},"end":{"line":179,"column":3}}},"14":{"name":"(anonymous_21)","decl":{"start":{"line":181,"column":10},"end":{"line":181,"column":27}},"loc":{"start":{"line":181,"column":40},"end":{"line":183,"column":3}}}},"branchMap":{"0":{"loc":{"start":{"line":68,"column":48},"end":{"line":68,"column":57}},"type":"default-arg","locations":[{"start":{"line":68,"column":56},"end":{"line":68,"column":57}}]},"1":{"loc":{"start":{"line":70,"column":4},"end":{"line":72,"column":null}},"type":"if","locations":[{"start":{"line":70,"column":4},"end":{"line":72,"column":null}}]},"2":{"loc":{"start":{"line":70,"column":8},"end":{"line":70,"column":65}},"type":"binary-expr","locations":[{"start":{"line":70,"column":8},"end":{"line":70,"column":32}},{"start":{"line":70,"column":36},"end":{"line":70,"column":65}}]},"3":{"loc":{"start":{"line":80,"column":6},"end":{"line":91,"column":null}},"type":"if","locations":[{"start":{"line":80,"column":6},"end":{"line":91,"column":null}},{"start":{"line":83,"column":13},"end":{"line":91,"column":null}}]},"4":{"loc":{"start":{"line":87,"column":8},"end":{"line":90,"column":null}},"type":"if","locations":[{"start":{"line":87,"column":8},"end":{"line":90,"column":null}}]},"5":{"loc":{"start":{"line":120,"column":11},"end":{"line":120,"column":44}},"type":"binary-expr","locations":[{"start":{"line":120,"column":11},"end":{"line":120,"column":25}},{"start":{"line":120,"column":29},"end":{"line":120,"column":44}}]},"6":{"loc":{"start":{"line":148,"column":8},"end":{"line":150,"column":null}},"type":"if","locations":[{"start":{"line":148,"column":8},"end":{"line":150,"column":null}}]},"7":{"loc":{"start":{"line":153,"column":8},"end":{"line":163,"column":null}},"type":"if","locations":[{"start":{"line":153,"column":8},"end":{"line":163,"column":null}}]},"8":{"loc":{"start":{"line":153,"column":12},"end":{"line":153,"column":87}},"type":"binary-expr","locations":[{"start":{"line":153,"column":12},"end":{"line":153,"column":49}},{"start":{"line":153,"column":53},"end":{"line":153,"column":87}}]},"9":{"loc":{"start":{"line":156,"column":10},"end":{"line":161,"column":null}},"type":"if","locations":[{"start":{"line":156,"column":10},"end":{"line":161,"column":null}}]},"10":{"loc":{"start":{"line":174,"column":8},"end":{"line":176,"column":null}},"type":"if","locations":[{"start":{"line":174,"column":8},"end":{"line":176,"column":null}}]}},"s":{"0":0,"1":0,"2":0,"3":0,"4":0,"5":0,"6":0,"7":0,"8":0,"9":0,"10":0,"11":0,"12":0,"13":0,"14":0,"15":0,"16":0,"17":0,"18":0,"19":0,"20":0,"21":0,"22":0,"23":0,"24":0,"25":0,"26":0,"27":0,"28":0,"29":0,"30":0,"31":0,"32":0,"33":0,"34":0,"35":0,"36":0,"37":0,"38":0,"39":0,"40":0,"41":0,"42":0,"43":0,"44":0,"45":0,"46":0,"47":0,"48":0,"49":0,"50":0,"51":0,"52":0,"53":0,"54":0,"55":0,"56":0,"57":0,"58":0,"59":0,"60":0,"61":0,"62":0,"63":0,"64":0,"65":0,"66":0,"67":0,"68":0,"69":0,"70":0,"71":0,"72":0,"73":0,"74":0,"75":0,"76":0,"77":0,"78":0},"f":{"0":0,"1":0,"2":0,"3":0,"4":0,"5":0,"6":0,"7":0,"8":0,"9":0,"10":0,"11":0,"12":0,"13":0,"14":0},"b":{"0":[0],"1":[0],"2":[0,0],"3":[0,0],"4":[0],"5":[0,0],"6":[0],"7":[0],"8":[0,0],"9":[0],"10":[0]}},"/Users/tylerhenry/Documents/GitHub/jogger/coverage-venn/src/services/BrowserStackService.ts":{"path":"/Users/tylerhenry/Documents/GitHub/jogger/coverage-venn/src/services/BrowserStackService.ts","statementMap":{"0":{"start":{"line":1,"column":0},"end":{"line":1,"column":31}},"1":{"start":{"line":41,"column":22},"end":{"line":41,"column":48}},"2":{"start":{"line":38,"column":10},"end":{"line":38,"column":60}},"3":{"start":{"line":42,"column":4},"end":{"line":44,"column":25}},"4":{"start":{"line":48,"column":21},"end":{"line":48,"column":83}},"5":{"start":{"line":49,"column":4},"end":{"line":59,"column":10}},"6":{"start":{"line":50,"column":44},"end":{"line":50,"column":85}},"7":{"start":{"line":51,"column":44},"end":{"line":59,"column":8}},"8":{"start":{"line":63,"column":4},"end":{"line":63,"column":67}},"9":{"start":{"line":67,"column":4},"end":{"line":67,"column":50}},"10":{"start":{"line":71,"column":21},"end":{"line":78,"column":6}},"11":{"start":{"line":80,"column":4},"end":{"line":82,"column":null}},"12":{"start":{"line":81,"column":6},"end":{"line":81,"column":72}},"13":{"start":{"line":84,"column":4},"end":{"line":84,"column":27}},"14":{"start":{"line":37,"column":0},"end":{"line":37,"column":13}}},"fnMap":{"0":{"name":"(anonymous_1)","decl":{"start":{"line":41,"column":2},"end":{"line":41,"column":22}},"loc":{"start":{"line":41,"column":48},"end":{"line":45,"column":3}}},"1":{"name":"(anonymous_2)","decl":{"start":{"line":47,"column":2},"end":{"line":47,"column":7}},"loc":{"start":{"line":47,"column":19},"end":{"line":60,"column":3}}},"2":{"name":"(anonymous_3)","decl":{"start":{"line":50,"column":14},"end":{"line":50,"column":15}},"loc":{"start":{"line":50,"column":44},"end":{"line":50,"column":85}}},"3":{"name":"(anonymous_4)","decl":{"start":{"line":51,"column":11},"end":{"line":51,"column":12}},"loc":{"start":{"line":51,"column":44},"end":{"line":59,"column":8}}},"4":{"name":"(anonymous_5)","decl":{"start":{"line":62,"column":2},"end":{"line":62,"column":7}},"loc":{"start":{"line":62,"column":75},"end":{"line":64,"column":3}}},"5":{"name":"(anonymous_6)","decl":{"start":{"line":66,"column":2},"end":{"line":66,"column":7}},"loc":{"start":{"line":66,"column":49},"end":{"line":68,"column":3}}},"6":{"name":"(anonymous_7)","decl":{"start":{"line":70,"column":10},"end":{"line":70,"column":15}},"loc":{"start":{"line":70,"column":67},"end":{"line":85,"column":3}}}},"branchMap":{"0":{"loc":{"start":{"line":54,"column":16},"end":{"line":54,"column":63}},"type":"cond-expr","locations":[{"start":{"line":54,"column":44},"end":{"line":54,"column":52}},{"start":{"line":54,"column":55},"end":{"line":54,"column":63}}]},"1":{"loc":{"start":{"line":55,"column":17},"end":{"line":55,"column":80}},"type":"binary-expr","locations":[{"start":{"line":55,"column":17},"end":{"line":55,"column":30}},{"start":{"line":55,"column":34},"end":{"line":55,"column":67}},{"start":{"line":55,"column":71},"end":{"line":55,"column":80}}]},"2":{"loc":{"start":{"line":56,"column":18},"end":{"line":56,"column":75}},"type":"binary-expr","locations":[{"start":{"line":56,"column":18},"end":{"line":56,"column":32}},{"start":{"line":56,"column":36},"end":{"line":56,"column":70}},{"start":{"line":56,"column":74},"end":{"line":56,"column":75}}]},"3":{"loc":{"start":{"line":57,"column":14},"end":{"line":57,"column":50}},"type":"binary-expr","locations":[{"start":{"line":57,"column":14},"end":{"line":57,"column":44}},{"start":{"line":57,"column":48},"end":{"line":57,"column":50}}]},"4":{"loc":{"start":{"line":58,"column":17},"end":{"line":58,"column":60}},"type":"binary-expr","locations":[{"start":{"line":58,"column":17},"end":{"line":58,"column":30}},{"start":{"line":58,"column":34},"end":{"line":58,"column":48}},{"start":{"line":58,"column":52},"end":{"line":58,"column":60}}]},"5":{"loc":{"start":{"line":77,"column":12},"end":{"line":77,"column":51}},"type":"cond-expr","locations":[{"start":{"line":77,"column":19},"end":{"line":77,"column":39}},{"start":{"line":77,"column":42},"end":{"line":77,"column":51}}]},"6":{"loc":{"start":{"line":80,"column":4},"end":{"line":82,"column":null}},"type":"if","locations":[{"start":{"line":80,"column":4},"end":{"line":82,"column":null}}]}},"s":{"0":0,"1":0,"2":0,"3":0,"4":0,"5":0,"6":0,"7":0,"8":0,"9":0,"10":0,"11":0,"12":0,"13":0,"14":0},"f":{"0":0,"1":0,"2":0,"3":0,"4":0,"5":0,"6":0},"b":{"0":[0,0],"1":[0,0,0],"2":[0,0,0],"3":[0,0],"4":[0,0,0],"5":[0,0],"6":[0]}},"/Users/tylerhenry/Documents/GitHub/jogger/coverage-venn/src/services/TestMetadataService.ts":{"path":"/Users/tylerhenry/Documents/GitHub/jogger/coverage-venn/src/services/TestMetadataService.ts","statementMap":{"0":{"start":{"line":1,"column":0},"end":{"line":1,"column":34}},"1":{"start":{"line":2,"column":0},"end":{"line":2,"column":29}},"2":{"start":{"line":23,"column":10},"end":{"line":23,"column":58}},"3":{"start":{"line":26,"column":4},"end":{"line":26,"column":66}},"4":{"start":{"line":30,"column":4},"end":{"line":35,"column":null}},"5":{"start":{"line":31,"column":19},"end":{"line":31,"column":64}},"6":{"start":{"line":32,"column":6},"end":{"line":32,"column":48}},"7":{"start":{"line":34,"column":6},"end":{"line":34,"column":32}},"8":{"start":{"line":39,"column":17},"end":{"line":39,"column":77}},"9":{"start":{"line":40,"column":4},"end":{"line":40,"column":48}},"10":{"start":{"line":44,"column":42},"end":{"line":49,"column":6}},"11":{"start":{"line":51,"column":21},"end":{"line":51,"column":61}},"12":{"start":{"line":52,"column":20},"end":{"line":60,"column":29}},"13":{"start":{"line":62,"column":4},"end":{"line":62,"column":35}},"14":{"start":{"line":63,"column":4},"end":{"line":63,"column":30}},"15":{"start":{"line":67,"column":4},"end":{"line":67,"column":33}},"16":{"start":{"line":21,"column":0},"end":{"line":21,"column":13}}},"fnMap":{"0":{"name":"(anonymous_6)","decl":{"start":{"line":25,"column":2},"end":{"line":25,"column":14}},"loc":{"start":{"line":25,"column":29},"end":{"line":27,"column":3}}},"1":{"name":"(anonymous_7)","decl":{"start":{"line":29,"column":2},"end":{"line":29,"column":7}},"loc":{"start":{"line":29,"column":20},"end":{"line":36,"column":3}}},"2":{"name":"(anonymous_8)","decl":{"start":{"line":38,"column":2},"end":{"line":38,"column":7}},"loc":{"start":{"line":38,"column":20},"end":{"line":41,"column":3}}},"3":{"name":"(anonymous_9)","decl":{"start":{"line":43,"column":2},"end":{"line":43,"column":7}},"loc":{"start":{"line":43,"column":70},"end":{"line":64,"column":3}}},"4":{"name":"(anonymous_10)","decl":{"start":{"line":66,"column":2},"end":{"line":66,"column":7}},"loc":{"start":{"line":66,"column":34},"end":{"line":68,"column":3}}}},"branchMap":{"0":{"loc":{"start":{"line":51,"column":21},"end":{"line":51,"column":61}},"type":"binary-expr","locations":[{"start":{"line":51,"column":21},"end":{"line":51,"column":42}},{"start":{"line":51,"column":46},"end":{"line":51,"column":61}}]},"1":{"loc":{"start":{"line":56,"column":10},"end":{"line":56,"column":36}},"type":"binary-expr","locations":[{"start":{"line":56,"column":10},"end":{"line":56,"column":21}},{"start":{"line":56,"column":25},"end":{"line":56,"column":36}}]},"2":{"loc":{"start":{"line":57,"column":12},"end":{"line":57,"column":42}},"type":"binary-expr","locations":[{"start":{"line":57,"column":12},"end":{"line":57,"column":25}},{"start":{"line":57,"column":29},"end":{"line":57,"column":42}}]},"3":{"loc":{"start":{"line":58,"column":18},"end":{"line":58,"column":60}},"type":"binary-expr","locations":[{"start":{"line":58,"column":18},"end":{"line":58,"column":37}},{"start":{"line":58,"column":41},"end":{"line":58,"column":60}}]},"4":{"loc":{"start":{"line":59,"column":12},"end":{"line":59,"column":42}},"type":"binary-expr","locations":[{"start":{"line":59,"column":12},"end":{"line":59,"column":25}},{"start":{"line":59,"column":29},"end":{"line":59,"column":42}}]}},"s":{"0":0,"1":0,"2":0,"3":0,"4":0,"5":0,"6":0,"7":0,"8":0,"9":0,"10":0,"11":0,"12":0,"13":0,"14":0,"15":0,"16":0},"f":{"0":0,"1":0,"2":0,"3":0,"4":0},"b":{"0":[0,0],"1":[0,0],"2":[0,0],"3":[0,0],"4":[0,0]}},"/Users/tylerhenry/Documents/GitHub/jogger/coverage-venn/src/utils/FileHasher.ts":{"path":"/Users/tylerhenry/Documents/GitHub/jogger/coverage-venn/src/utils/FileHasher.ts","statementMap":{"0":{"start":{"line":1,"column":0},"end":{"line":1,"column":33}},"1":{"start":{"line":2,"column":0},"end":{"line":2,"column":34}},"2":{"start":{"line":6,"column":20},"end":{"line":6,"column":47}},"3":{"start":{"line":7,"column":4},"end":{"line":10,"column":21}},"4":{"start":{"line":14,"column":4},"end":{"line":17,"column":21}},"5":{"start":{"line":4,"column":0},"end":{"line":4,"column":13}}},"fnMap":{"0":{"name":"(anonymous_6)","decl":{"start":{"line":5,"column":2},"end":{"line":5,"column":8}},"loc":{"start":{"line":5,"column":40},"end":{"line":11,"column":3}}},"1":{"name":"(anonymous_7)","decl":{"start":{"line":13,"column":2},"end":{"line":13,"column":8}},"loc":{"start":{"line":13,"column":42},"end":{"line":18,"column":3}}}},"branchMap":{},"s":{"0":0,"1":0,"2":0,"3":0,"4":0,"5":0},"f":{"0":0,"1":0},"b":{}},"/Users/tylerhenry/Documents/GitHub/jogger/coverage-venn/src/utils/config.ts":{"path":"/Users/tylerhenry/Documents/GitHub/jogger/coverage-venn/src/utils/config.ts","statementMap":{"0":{"start":{"line":1,"column":0},"end":{"line":1,"column":29}},"1":{"start":{"line":9,"column":22},"end":{"line":15,"column":42}},"2":{"start":{"line":15,"column":31},"end":{"line":15,"column":41}},"3":{"start":{"line":17,"column":2},"end":{"line":28,"column":null}},"4":{"start":{"line":18,"column":4},"end":{"line":27,"column":null}},"5":{"start":{"line":19,"column":6},"end":{"line":19,"column":53}},"6":{"start":{"line":20,"column":27},"end":{"line":20,"column":54}},"7":{"start":{"line":21,"column":21},"end":{"line":21,"column":42}},"8":{"start":{"line":22,"column":6},"end":{"line":22,"column":55}},"9":{"start":{"line":23,"column":6},"end":{"line":23,"column":20}},"10":{"start":{"line":25,"column":6},"end":{"line":25,"column":61}},"11":{"start":{"line":26,"column":6},"end":{"line":26,"column":15}},"12":{"start":{"line":30,"column":2},"end":{"line":32,"column":null}},"13":{"start":{"line":31,"column":4},"end":{"line":31,"column":87}},"14":{"start":{"line":34,"column":2},"end":{"line":34,"column":12}},"15":{"start":{"line":8,"column":0},"end":{"line":8,"column":16}}},"fnMap":{"0":{"name":"getConfig","decl":{"start":{"line":8,"column":16},"end":{"line":8,"column":25}},"loc":{"start":{"line":8,"column":67},"end":{"line":35,"column":1}}},"1":{"name":"(anonymous_7)","decl":{"start":{"line":15,"column":11},"end":{"line":15,"column":12}},"loc":{"start":{"line":15,"column":31},"end":{"line":15,"column":41}}}},"branchMap":{"0":{"loc":{"start":{"line":8,"column":40},"end":{"line":8,"column":67}},"type":"default-arg","locations":[{"start":{"line":8,"column":65},"end":{"line":8,"column":67}}]},"1":{"loc":{"start":{"line":30,"column":2},"end":{"line":32,"column":null}},"type":"if","locations":[{"start":{"line":30,"column":2},"end":{"line":32,"column":null}}]}},"s":{"0":0,"1":0,"2":0,"3":0,"4":0,"5":0,"6":0,"7":0,"8":0,"9":0,"10":0,"11":0,"12":0,"13":0,"14":0,"15":0},"f":{"0":0,"1":0},"b":{"0":[0],"1":[0]}},"/Users/tylerhenry/Documents/GitHub/jogger/coverage-venn/src/validators/TestIdGenerator.ts":{"path":"/Users/tylerhenry/Documents/GitHub/jogger/coverage-venn/src/validators/TestIdGenerator.ts","statementMap":{"0":{"start":{"line":1,"column":0},"end":{"line":1,"column":34}},"1":{"start":{"line":2,"column":0},"end":{"line":2,"column":53}},"2":{"start":{"line":4,"column":0},"end":{"line":4,"column":52}},"3":{"start":{"line":25,"column":4},"end":{"line":25,"column":43}},"4":{"start":{"line":34,"column":52},"end":{"line":34,"column":54}},"5":{"start":{"line":37,"column":4},"end":{"line":54,"column":7}},"6":{"start":{"line":39,"column":6},"end":{"line":41,"column":null}},"7":{"start":{"line":40,"column":8},"end":{"line":40,"column":15}},"8":{"start":{"line":44,"column":21},"end":{"line":44,"column":74}},"9":{"start":{"line":46,"column":6},"end":{"line":53,"column":9}},"10":{"start":{"line":56,"column":4},"end":{"line":56,"column":27}},"11":{"start":{"line":63,"column":23},"end":{"line":63,"column":58}},"12":{"start":{"line":64,"column":4},"end":{"line":70,"column":6}},"13":{"start":{"line":65,"column":6},"end":{"line":68,"column":null}},"14":{"start":{"line":80,"column":17},"end":{"line":80,"column":21}},"15":{"start":{"line":81,"column":4},"end":{"line":88,"column":7}},"16":{"start":{"line":83,"column":28},"end":{"line":83,"column":53}},"17":{"start":{"line":84,"column":28},"end":{"line":84,"column":53}},"18":{"start":{"line":86,"column":8},"end":{"line":86,"column":36}},"19":{"start":{"line":95,"column":27},"end":{"line":95,"column":51}},"20":{"start":{"line":96,"column":4},"end":{"line":115,"column":null}},"21":{"start":{"line":97,"column":6},"end":{"line":97,"column":38}},"22":{"start":{"line":98,"column":11},"end":{"line":115,"column":null}},"23":{"start":{"line":100,"column":19},"end":{"line":100,"column":21}},"24":{"start":{"line":101,"column":61},"end":{"line":101,"column":80}},"25":{"start":{"line":103,"column":6},"end":{"line":108,"column":null}},"26":{"start":{"line":104,"column":8},"end":{"line":106,"column":null}},"27":{"start":{"line":105,"column":10},"end":{"line":105,"column":72}},"28":{"start":{"line":107,"column":8},"end":{"line":107,"column":33}},"29":{"start":{"line":110,"column":6},"end":{"line":112,"column":null}},"30":{"start":{"line":111,"column":8},"end":{"line":111,"column":61}},"31":{"start":{"line":114,"column":6},"end":{"line":114,"column":20}},"32":{"start":{"line":117,"column":4},"end":{"line":117,"column":21}},"33":{"start":{"line":124,"column":24},"end":{"line":124,"column":49}},"34":{"start":{"line":125,"column":23},"end":{"line":125,"column":58}},"35":{"start":{"line":128,"column":37},"end":{"line":130,"column":6}},"36":{"start":{"line":133,"column":21},"end":{"line":136,"column":null}},"37":{"start":{"line":134,"column":6},"end":{"line":136,"column":31}},"38":{"start":{"line":139,"column":4},"end":{"line":143,"column":null}},"39":{"start":{"line":140,"column":6},"end":{"line":142,"column":null}},"40":{"start":{"line":141,"column":8},"end":{"line":141,"column":48}},"41":{"start":{"line":146,"column":24},"end":{"line":149,"column":null}},"42":{"start":{"line":147,"column":6},"end":{"line":149,"column":65}},"43":{"start":{"line":152,"column":4},"end":{"line":156,"column":null}},"44":{"start":{"line":153,"column":6},"end":{"line":155,"column":null}},"45":{"start":{"line":154,"column":8},"end":{"line":154,"column":54}},"46":{"start":{"line":158,"column":4},"end":{"line":158,"column":23}},"47":{"start":{"line":165,"column":26},"end":{"line":165,"column":54}},"48":{"start":{"line":166,"column":24},"end":{"line":166,"column":54}},"49":{"start":{"line":167,"column":20},"end":{"line":167,"column":80}},"50":{"start":{"line":168,"column":17},"end":{"line":168,"column":71}},"51":{"start":{"line":171,"column":21},"end":{"line":171,"column":54}},"52":{"start":{"line":172,"column":19},"end":{"line":172,"column":47}},"53":{"start":{"line":175,"column":17},"end":{"line":175,"column":45}},"54":{"start":{"line":178,"column":4},"end":{"line":180,"column":null}},"55":{"start":{"line":179,"column":6},"end":{"line":179,"column":34}},"56":{"start":{"line":183,"column":4},"end":{"line":185,"column":null}},"57":{"start":{"line":184,"column":6},"end":{"line":184,"column":30}},"58":{"start":{"line":188,"column":4},"end":{"line":190,"column":null}},"59":{"start":{"line":189,"column":6},"end":{"line":189,"column":27}},"60":{"start":{"line":192,"column":4},"end":{"line":192,"column":18}},"61":{"start":{"line":200,"column":21},"end":{"line":200,"column":24}},"62":{"start":{"line":203,"column":4},"end":{"line":205,"column":null}},"63":{"start":{"line":204,"column":6},"end":{"line":204,"column":24}},"64":{"start":{"line":208,"column":4},"end":{"line":210,"column":null}},"65":{"start":{"line":209,"column":6},"end":{"line":209,"column":24}},"66":{"start":{"line":212,"column":4},"end":{"line":212,"column":37}},"67":{"start":{"line":219,"column":29},"end":{"line":219,"column":85}},"68":{"start":{"line":220,"column":29},"end":{"line":220,"column":87}},"69":{"start":{"line":222,"column":22},"end":{"line":222,"column":79}},"70":{"start":{"line":223,"column":22},"end":{"line":223,"column":106}},"71":{"start":{"line":225,"column":4},"end":{"line":225,"column":34}},"72":{"start":{"line":232,"column":4},"end":{"line":234,"column":null}},"73":{"start":{"line":233,"column":6},"end":{"line":233,"column":106}},"74":{"start":{"line":236,"column":4},"end":{"line":238,"column":null}},"75":{"start":{"line":237,"column":6},"end":{"line":237,"column":102}},"76":{"start":{"line":240,"column":4},"end":{"line":240,"column":58}},"77":{"start":{"line":247,"column":31},"end":{"line":247,"column":33}},"78":{"start":{"line":248,"column":35},"end":{"line":248,"column":39}},"79":{"start":{"line":250,"column":4},"end":{"line":266,"column":null}},"80":{"start":{"line":251,"column":6},"end":{"line":258,"column":null}},"81":{"start":{"line":252,"column":24},"end":{"line":252,"column":52}},"82":{"start":{"line":253,"column":31},"end":{"line":253,"column":53}},"83":{"start":{"line":255,"column":8},"end":{"line":257,"column":null}},"84":{"start":{"line":256,"column":10},"end":{"line":256,"column":53}},"85":{"start":{"line":260,"column":6},"end":{"line":260,"column":35}},"86":{"start":{"line":263,"column":6},"end":{"line":265,"column":null}},"87":{"start":{"line":264,"column":8},"end":{"line":264,"column":14}},"88":{"start":{"line":268,"column":4},"end":{"line":268,"column":47}},"89":{"start":{"line":275,"column":47},"end":{"line":275,"column":49}},"90":{"start":{"line":276,"column":17},"end":{"line":276,"column":21}},"91":{"start":{"line":278,"column":4},"end":{"line":286,"column":7}},"92":{"start":{"line":280,"column":28},"end":{"line":280,"column":53}},"93":{"start":{"line":282,"column":8},"end":{"line":284,"column":null}},"94":{"start":{"line":283,"column":10},"end":{"line":283,"column":48}},"95":{"start":{"line":288,"column":4},"end":{"line":288,"column":31}},"96":{"start":{"line":21,"column":0},"end":{"line":21,"column":13}}},"fnMap":{"0":{"name":"(anonymous_7)","decl":{"start":{"line":24,"column":2},"end":{"line":24,"column":null}},"loc":{"start":{"line":24,"column":2},"end":{"line":26,"column":3}}},"1":{"name":"(anonymous_8)","decl":{"start":{"line":33,"column":2},"end":{"line":33,"column":25}},"loc":{"start":{"line":33,"column":63},"end":{"line":57,"column":3}}},"2":{"name":"(anonymous_9)","decl":{"start":{"line":37,"column":34},"end":{"line":37,"column":35}},"loc":{"start":{"line":37,"column":56},"end":{"line":54,"column":5}}},"3":{"name":"(anonymous_10)","decl":{"start":{"line":62,"column":10},"end":{"line":62,"column":19}},"loc":{"start":{"line":62,"column":48},"end":{"line":71,"column":3}}},"4":{"name":"(anonymous_11)","decl":{"start":{"line":64,"column":27},"end":{"line":64,"column":31}},"loc":{"start":{"line":65,"column":6},"end":{"line":68,"column":null}}},"5":{"name":"(anonymous_12)","decl":{"start":{"line":76,"column":10},"end":{"line":76,"column":29}},"loc":{"start":{"line":78,"column":78},"end":{"line":89,"column":3}}},"6":{"name":"(anonymous_13)","decl":{"start":{"line":82,"column":6},"end":{"line":82,"column":16}},"loc":{"start":{"line":82,"column":45},"end":{"line":87,"column":7}}},"7":{"name":"(anonymous_14)","decl":{"start":{"line":94,"column":10},"end":{"line":94,"column":24}},"loc":{"start":{"line":94,"column":53},"end":{"line":118,"column":3}}},"8":{"name":"(anonymous_15)","decl":{"start":{"line":123,"column":10},"end":{"line":123,"column":24}},"loc":{"start":{"line":123,"column":53},"end":{"line":159,"column":3}}},"9":{"name":"(anonymous_16)","decl":{"start":{"line":133,"column":37},"end":{"line":133,"column":41}},"loc":{"start":{"line":134,"column":6},"end":{"line":136,"column":31}}},"10":{"name":"(anonymous_17)","decl":{"start":{"line":146,"column":40},"end":{"line":146,"column":44}},"loc":{"start":{"line":147,"column":6},"end":{"line":149,"column":65}}},"11":{"name":"(anonymous_18)","decl":{"start":{"line":164,"column":10},"end":{"line":164,"column":34}},"loc":{"start":{"line":164,"column":85},"end":{"line":193,"column":3}}},"12":{"name":"(anonymous_19)","decl":{"start":{"line":198,"column":10},"end":{"line":198,"column":29}},"loc":{"start":{"line":198,"column":54},"end":{"line":213,"column":3}}},"13":{"name":"(anonymous_20)","decl":{"start":{"line":218,"column":10},"end":{"line":218,"column":30}},"loc":{"start":{"line":218,"column":55},"end":{"line":226,"column":3}}},"14":{"name":"(anonymous_21)","decl":{"start":{"line":231,"column":10},"end":{"line":231,"column":24}},"loc":{"start":{"line":231,"column":49},"end":{"line":241,"column":3}}},"15":{"name":"(anonymous_22)","decl":{"start":{"line":246,"column":10},"end":{"line":246,"column":24}},"loc":{"start":{"line":246,"column":53},"end":{"line":269,"column":3}}},"16":{"name":"(anonymous_23)","decl":{"start":{"line":274,"column":2},"end":{"line":274,"column":27}},"loc":{"start":{"line":274,"column":39},"end":{"line":289,"column":3}}},"17":{"name":"(anonymous_24)","decl":{"start":{"line":279,"column":18},"end":{"line":279,"column":19}},"loc":{"start":{"line":279,"column":51},"end":{"line":285,"column":7}}}},"branchMap":{"0":{"loc":{"start":{"line":39,"column":6},"end":{"line":41,"column":null}},"type":"if","locations":[{"start":{"line":39,"column":6},"end":{"line":41,"column":null}}]},"1":{"loc":{"start":{"line":47,"column":39},"end":{"line":47,"column":91}},"type":"cond-expr","locations":[{"start":{"line":47,"column":61},"end":{"line":47,"column":86}},{"start":{"line":47,"column":89},"end":{"line":47,"column":91}}]},"2":{"loc":{"start":{"line":65,"column":6},"end":{"line":68,"column":null}},"type":"binary-expr","locations":[{"start":{"line":65,"column":6},"end":{"line":65,"column":28}},{"start":{"line":67,"column":9},"end":{"line":67,"column":37}},{"start":{"line":68,"column":10},"end":{"line":68,"column":42}},{"start":{"line":68,"column":46},"end":{"line":68,"column":73}}]},"3":{"loc":{"start":{"line":96,"column":4},"end":{"line":115,"column":null}},"type":"if","locations":[{"start":{"line":96,"column":4},"end":{"line":115,"column":null}},{"start":{"line":98,"column":11},"end":{"line":115,"column":null}}]},"4":{"loc":{"start":{"line":98,"column":11},"end":{"line":115,"column":null}},"type":"if","locations":[{"start":{"line":98,"column":11},"end":{"line":115,"column":null}}]},"5":{"loc":{"start":{"line":104,"column":8},"end":{"line":106,"column":null}},"type":"if","locations":[{"start":{"line":104,"column":8},"end":{"line":106,"column":null}}]},"6":{"loc":{"start":{"line":105,"column":44},"end":{"line":105,"column":70}},"type":"cond-expr","locations":[{"start":{"line":105,"column":53},"end":{"line":105,"column":65}},{"start":{"line":105,"column":68},"end":{"line":105,"column":70}}]},"7":{"loc":{"start":{"line":110,"column":6},"end":{"line":112,"column":null}},"type":"if","locations":[{"start":{"line":110,"column":6},"end":{"line":112,"column":null}}]},"8":{"loc":{"start":{"line":111,"column":33},"end":{"line":111,"column":59}},"type":"cond-expr","locations":[{"start":{"line":111,"column":42},"end":{"line":111,"column":54}},{"start":{"line":111,"column":57},"end":{"line":111,"column":59}}]},"9":{"loc":{"start":{"line":134,"column":6},"end":{"line":136,"column":31}},"type":"binary-expr","locations":[{"start":{"line":134,"column":6},"end":{"line":134,"column":28}},{"start":{"line":135,"column":6},"end":{"line":135,"column":34}},{"start":{"line":136,"column":6},"end":{"line":136,"column":31}}]},"10":{"loc":{"start":{"line":139,"column":4},"end":{"line":143,"column":null}},"type":"if","locations":[{"start":{"line":139,"column":4},"end":{"line":143,"column":null}}]},"11":{"loc":{"start":{"line":139,"column":8},"end":{"line":139,"column":64}},"type":"binary-expr","locations":[{"start":{"line":139,"column":8},"end":{"line":139,"column":16}},{"start":{"line":139,"column":20},"end":{"line":139,"column":46}},{"start":{"line":139,"column":50},"end":{"line":139,"column":64}}]},"12":{"loc":{"start":{"line":140,"column":6},"end":{"line":142,"column":null}},"type":"if","locations":[{"start":{"line":140,"column":6},"end":{"line":142,"column":null}}]},"13":{"loc":{"start":{"line":147,"column":6},"end":{"line":149,"column":65}},"type":"binary-expr","locations":[{"start":{"line":147,"column":6},"end":{"line":147,"column":28}},{"start":{"line":148,"column":6},"end":{"line":148,"column":34}},{"start":{"line":149,"column":7},"end":{"line":149,"column":35}},{"start":{"line":149,"column":39},"end":{"line":149,"column":64}}]},"14":{"loc":{"start":{"line":152,"column":4},"end":{"line":156,"column":null}},"type":"if","locations":[{"start":{"line":152,"column":4},"end":{"line":156,"column":null}}]},"15":{"loc":{"start":{"line":152,"column":8},"end":{"line":152,"column":73}},"type":"binary-expr","locations":[{"start":{"line":152,"column":8},"end":{"line":152,"column":19}},{"start":{"line":152,"column":23},"end":{"line":152,"column":52}},{"start":{"line":152,"column":56},"end":{"line":152,"column":73}}]},"16":{"loc":{"start":{"line":153,"column":6},"end":{"line":155,"column":null}},"type":"if","locations":[{"start":{"line":153,"column":6},"end":{"line":155,"column":null}}]},"17":{"loc":{"start":{"line":167,"column":20},"end":{"line":167,"column":80}},"type":"cond-expr","locations":[{"start":{"line":167,"column":42},"end":{"line":167,"column":75}},{"start":{"line":167,"column":78},"end":{"line":167,"column":80}}]},"18":{"loc":{"start":{"line":168,"column":17},"end":{"line":168,"column":71}},"type":"cond-expr","locations":[{"start":{"line":168,"column":36},"end":{"line":168,"column":66}},{"start":{"line":168,"column":69},"end":{"line":168,"column":71}}]},"19":{"loc":{"start":{"line":172,"column":19},"end":{"line":172,"column":47}},"type":"cond-expr","locations":[{"start":{"line":172,"column":30},"end":{"line":172,"column":38}},{"start":{"line":172,"column":41},"end":{"line":172,"column":47}}]},"20":{"loc":{"start":{"line":178,"column":4},"end":{"line":180,"column":null}},"type":"if","locations":[{"start":{"line":178,"column":4},"end":{"line":180,"column":null}}]},"21":{"loc":{"start":{"line":178,"column":8},"end":{"line":178,"column":60}},"type":"binary-expr","locations":[{"start":{"line":178,"column":8},"end":{"line":178,"column":29}},{"start":{"line":178,"column":33},"end":{"line":178,"column":60}}]},"22":{"loc":{"start":{"line":183,"column":4},"end":{"line":185,"column":null}},"type":"if","locations":[{"start":{"line":183,"column":4},"end":{"line":185,"column":null}}]},"23":{"loc":{"start":{"line":188,"column":4},"end":{"line":190,"column":null}},"type":"if","locations":[{"start":{"line":188,"column":4},"end":{"line":190,"column":null}}]},"24":{"loc":{"start":{"line":203,"column":4},"end":{"line":205,"column":null}},"type":"if","locations":[{"start":{"line":203,"column":4},"end":{"line":205,"column":null}}]},"25":{"loc":{"start":{"line":208,"column":4},"end":{"line":210,"column":null}},"type":"if","locations":[{"start":{"line":208,"column":4},"end":{"line":210,"column":null}}]},"26":{"loc":{"start":{"line":223,"column":22},"end":{"line":223,"column":106}},"type":"cond-expr","locations":[{"start":{"line":223,"column":41},"end":{"line":223,"column":98}},{"start":{"line":223,"column":101},"end":{"line":223,"column":106}}]},"27":{"loc":{"start":{"line":225,"column":11},"end":{"line":225,"column":33}},"type":"binary-expr","locations":[{"start":{"line":225,"column":11},"end":{"line":225,"column":20}},{"start":{"line":225,"column":24},"end":{"line":225,"column":33}}]},"28":{"loc":{"start":{"line":232,"column":4},"end":{"line":234,"column":null}},"type":"if","locations":[{"start":{"line":232,"column":4},"end":{"line":234,"column":null}}]},"29":{"loc":{"start":{"line":236,"column":4},"end":{"line":238,"column":null}},"type":"if","locations":[{"start":{"line":236,"column":4},"end":{"line":238,"column":null}}]},"30":{"loc":{"start":{"line":251,"column":6},"end":{"line":258,"column":null}},"type":"if","locations":[{"start":{"line":251,"column":6},"end":{"line":258,"column":null}}]},"31":{"loc":{"start":{"line":255,"column":8},"end":{"line":257,"column":null}},"type":"if","locations":[{"start":{"line":255,"column":8},"end":{"line":257,"column":null}}]},"32":{"loc":{"start":{"line":263,"column":6},"end":{"line":265,"column":null}},"type":"if","locations":[{"start":{"line":263,"column":6},"end":{"line":265,"column":null}}]},"33":{"loc":{"start":{"line":263,"column":10},"end":{"line":263,"column":78}},"type":"binary-expr","locations":[{"start":{"line":263,"column":10},"end":{"line":263,"column":17}},{"start":{"line":263,"column":22},"end":{"line":263,"column":42}},{"start":{"line":263,"column":46},"end":{"line":263,"column":77}}]},"34":{"loc":{"start":{"line":268,"column":11},"end":{"line":268,"column":46}},"type":"binary-expr","locations":[{"start":{"line":268,"column":11},"end":{"line":268,"column":31}},{"start":{"line":268,"column":35},"end":{"line":268,"column":46}}]},"35":{"loc":{"start":{"line":282,"column":8},"end":{"line":284,"column":null}},"type":"if","locations":[{"start":{"line":282,"column":8},"end":{"line":284,"column":null}}]},"36":{"loc":{"start":{"line":282,"column":12},"end":{"line":282,"column":75}},"type":"binary-expr","locations":[{"start":{"line":282,"column":12},"end":{"line":282,"column":50}},{"start":{"line":282,"column":54},"end":{"line":282,"column":75}}]}},"s":{"0":0,"1":0,"2":0,"3":0,"4":0,"5":0,"6":0,"7":0,"8":0,"9":0,"10":0,"11":0,"12":0,"13":0,"14":0,"15":0,"16":0,"17":0,"18":0,"19":0,"20":0,"21":0,"22":0,"23":0,"24":0,"25":0,"26":0,"27":0,"28":0,"29":0,"30":0,"31":0,"32":0,"33":0,"34":0,"35":0,"36":0,"37":0,"38":0,"39":0,"40":0,"41":0,"42":0,"43":0,"44":0,"45":0,"46":0,"47":0,"48":0,"49":0,"50":0,"51":0,"52":0,"53":0,"54":0,"55":0,"56":0,"57":0,"58":0,"59":0,"60":0,"61":0,"62":0,"63":0,"64":0,"65":0,"66":0,"67":0,"68":0,"69":0,"70":0,"71":0,"72":0,"73":0,"74":0,"75":0,"76":0,"77":0,"78":0,"79":0,"80":0,"81":0,"82":0,"83":0,"84":0,"85":0,"86":0,"87":0,"88":0,"89":0,"90":0,"91":0,"92":0,"93":0,"94":0,"95":0,"96":0},"f":{"0":0,"1":0,"2":0,"3":0,"4":0,"5":0,"6":0,"7":0,"8":0,"9":0,"10":0,"11":0,"12":0,"13":0,"14":0,"15":0,"16":0,"17":0},"b":{"0":[0],"1":[0,0],"2":[0,0,0,0],"3":[0,0],"4":[0],"5":[0],"6":[0,0],"7":[0],"8":[0,0],"9":[0,0,0],"10":[0],"11":[0,0,0],"12":[0],"13":[0,0,0,0],"14":[0],"15":[0,0,0],"16":[0],"17":[0,0],"18":[0,0],"19":[0,0],"20":[0],"21":[0,0],"22":[0],"23":[0],"24":[0],"25":[0],"26":[0,0],"27":[0,0],"28":[0],"29":[0],"30":[0],"31":[0],"32":[0],"33":[0,0,0],"34":[0,0],"35":[0],"36":[0,0]}},"/Users/tylerhenry/Documents/GitHub/jogger/coverage-venn/src/validators/TestIdValidator.ts":{"path":"/Users/tylerhenry/Documents/GitHub/jogger/coverage-venn/src/validators/TestIdValidator.ts","statementMap":{"0":{"start":{"line":5,"column":10},"end":{"line":30,"column":4}},"1":{"start":{"line":11,"column":28},"end":{"line":11,"column":58}},"2":{"start":{"line":18,"column":28},"end":{"line":18,"column":61}},"3":{"start":{"line":26,"column":31},"end":{"line":26,"column":69}},"4":{"start":{"line":27,"column":8},"end":{"line":27,"column":49}},"5":{"start":{"line":33,"column":38},"end":{"line":33,"column":40}},"6":{"start":{"line":34,"column":40},"end":{"line":34,"column":42}},"7":{"start":{"line":36,"column":4},"end":{"line":52,"column":7}},"8":{"start":{"line":37,"column":6},"end":{"line":51,"column":null}},"9":{"start":{"line":38,"column":39},"end":{"line":44,"column":10}},"10":{"start":{"line":46,"column":8},"end":{"line":50,"column":null}},"11":{"start":{"line":47,"column":10},"end":{"line":47,"column":29}},"12":{"start":{"line":49,"column":10},"end":{"line":49,"column":31}},"13":{"start":{"line":54,"column":4},"end":{"line":58,"column":6}},"14":{"start":{"line":62,"column":25},"end":{"line":64,"column":44}},"15":{"start":{"line":64,"column":25},"end":{"line":64,"column":43}},"16":{"start":{"line":66,"column":21},"end":{"line":66,"column":52}},"17":{"start":{"line":67,"column":19},"end":{"line":67,"column":47}},"18":{"start":{"line":69,"column":4},"end":{"line":69,"column":55}},"19":{"start":{"line":73,"column":4},"end":{"line":82,"column":null}},"20":{"start":{"line":75,"column":8},"end":{"line":75,"column":54}},"21":{"start":{"line":77,"column":8},"end":{"line":77,"column":44}},"22":{"start":{"line":79,"column":8},"end":{"line":79,"column":54}},"23":{"start":{"line":81,"column":8},"end":{"line":81,"column":18}},"24":{"start":{"line":4,"column":0},"end":{"line":4,"column":13}}},"fnMap":{"0":{"name":"(anonymous_0)","decl":{"start":{"line":4,"column":0},"end":{"line":4,"column":13}},"loc":{"start":{"line":4,"column":0},"end":{"line":84,"column":1}}},"1":{"name":"(anonymous_1)","decl":{"start":{"line":11,"column":16},"end":{"line":11,"column":17}},"loc":{"start":{"line":11,"column":28},"end":{"line":11,"column":58}}},"2":{"name":"(anonymous_2)","decl":{"start":{"line":18,"column":16},"end":{"line":18,"column":17}},"loc":{"start":{"line":18,"column":28},"end":{"line":18,"column":61}}},"3":{"name":"(anonymous_3)","decl":{"start":{"line":25,"column":16},"end":{"line":25,"column":17}},"loc":{"start":{"line":25,"column":38},"end":{"line":28,"column":7}}},"4":{"name":"(anonymous_4)","decl":{"start":{"line":32,"column":2},"end":{"line":32,"column":10}},"loc":{"start":{"line":32,"column":51},"end":{"line":59,"column":3}}},"5":{"name":"(anonymous_5)","decl":{"start":{"line":36,"column":23},"end":{"line":36,"column":27}},"loc":{"start":{"line":36,"column":30},"end":{"line":52,"column":5}}},"6":{"name":"(anonymous_6)","decl":{"start":{"line":61,"column":10},"end":{"line":61,"column":32}},"loc":{"start":{"line":61,"column":57},"end":{"line":70,"column":3}}},"7":{"name":"(anonymous_7)","decl":{"start":{"line":64,"column":14},"end":{"line":64,"column":21}},"loc":{"start":{"line":64,"column":25},"end":{"line":64,"column":43}}},"8":{"name":"(anonymous_8)","decl":{"start":{"line":72,"column":10},"end":{"line":72,"column":28}},"loc":{"start":{"line":72,"column":71},"end":{"line":83,"column":3}}}},"branchMap":{"0":{"loc":{"start":{"line":37,"column":6},"end":{"line":51,"column":null}},"type":"if","locations":[{"start":{"line":37,"column":6},"end":{"line":51,"column":null}}]},"1":{"loc":{"start":{"line":46,"column":8},"end":{"line":50,"column":null}},"type":"if","locations":[{"start":{"line":46,"column":8},"end":{"line":50,"column":null}},{"start":{"line":48,"column":15},"end":{"line":50,"column":null}}]},"2":{"loc":{"start":{"line":67,"column":19},"end":{"line":67,"column":47}},"type":"cond-expr","locations":[{"start":{"line":67,"column":30},"end":{"line":67,"column":38}},{"start":{"line":67,"column":41},"end":{"line":67,"column":47}}]},"3":{"loc":{"start":{"line":73,"column":4},"end":{"line":82,"column":null}},"type":"switch","locations":[{"start":{"line":74,"column":6},"end":{"line":75,"column":54}},{"start":{"line":76,"column":6},"end":{"line":77,"column":44}},{"start":{"line":78,"column":6},"end":{"line":79,"column":54}},{"start":{"line":80,"column":6},"end":{"line":81,"column":18}}]}},"s":{"0":0,"1":0,"2":0,"3":0,"4":0,"5":0,"6":0,"7":0,"8":0,"9":0,"10":0,"11":0,"12":0,"13":0,"14":0,"15":0,"16":0,"17":0,"18":0,"19":0,"20":0,"21":0,"22":0,"23":0,"24":0},"f":{"0":0,"1":0,"2":0,"3":0,"4":0,"5":0,"6":0,"7":0,"8":0},"b":{"0":[0],"1":[0,0],"2":[0,0],"3":[0,0,0,0]}},"/Users/tylerhenry/Documents/GitHub/jogger/coverage-venn/src/validators/index.ts":{"path":"/Users/tylerhenry/Documents/GitHub/jogger/coverage-venn/src/validators/index.ts","statementMap":{"0":{"start":{"line":1,"column":0},"end":{"line":1,"column":24}},"1":{"start":{"line":2,"column":0},"end":{"line":2,"column":34}},"2":{"start":{"line":3,"column":0},"end":{"line":3,"column":34}}},"fnMap":{},"branchMap":{},"s":{"0":0,"1":0,"2":0},"f":{},"b":{}}}